2015.05.13 02:35:27.041 MSK INFO: *** SYSTEM START ***
2015.05.13 02:35:29.626 MSK WARNING: [Local Folder Repository] The specified file must be a directory. (D:\Учёба\Магистратура 5 курс 2 семестр\Методы оптимизации\Labs\Otolog-Kursach\plugins\edu.stanford.smi.protegex.owl) -- LocalFolderRepository.update()
2015.05.13 02:46:19.180 MSK INFO: *** SYSTEM START ***
2015.05.13 02:46:21.467 MSK WARNING: [Local Folder Repository] The specified file must be a directory. (D:\Учёба\Магистратура 5 курс 2 семестр\Методы оптимизации\Labs\Otolog-Kursach\plugins\edu.stanford.smi.protegex.owl) -- LocalFolderRepository.update()
2015.05.13 02:46:22.027 MSK WARNING: [Local Folder Repository] The specified file must be a directory. (D:\Учёба\Магистратура 5 курс 2 семестр\Методы оптимизации\Labs\Otolog-Kursach\plugins\edu.stanford.smi.protegex.owl) -- LocalFolderRepository.update()
2015.05.13 02:47:24.789 MSK WARNING: [Local Folder Repository] The specified file must be a directory. (D:\Учёба\Магистратура 5 курс 2 семестр\Методы оптимизации\Labs\Otolog-Kursach\plugins\edu.stanford.smi.protegex.owl) -- LocalFolderRepository.update()
2015.05.13 02:47:25.025 MSK WARNING: [Local Folder Repository] The specified file must be a directory. (D:\Учёба\Магистратура 5 курс 2 семестр\Методы оптимизации\Labs\Otolog-Kursach\plugins\edu.stanford.smi.protegex.owl) -- LocalFolderRepository.update()
2015.05.13 02:48:25.459 MSK INFO: *** SYSTEM START ***
2015.05.13 02:48:28.133 MSK WARNING: [Local Folder Repository] The specified file must be a directory. (D:\Учёба\Магистратура 5 курс 2 семестр\Методы оптимизации\Labs\Otolog-Kursach\plugins\edu.stanford.smi.protegex.owl) -- LocalFolderRepository.update()
2015.05.13 02:48:28.549 MSK WARNING: [Local Folder Repository] The specified file must be a directory. (D:\Учёба\Магистратура 5 курс 2 семестр\Методы оптимизации\Labs\Otolog-Kursach\plugins\edu.stanford.smi.protegex.owl) -- LocalFolderRepository.update()
2015.05.13 02:49:52.263 MSK INFO: *** SYSTEM START ***
2015.05.13 02:49:54.491 MSK WARNING: [Local Folder Repository] The specified file must be a directory. (D:\Учёба\Магистратура 5 курс 2 семестр\Методы оптимизации\Labs\Otolog-Kursach\plugins\edu.stanford.smi.protegex.owl) -- LocalFolderRepository.update()
2015.05.13 02:49:54.643 MSK WARNING: [Local Folder Repository] The specified file must be a directory. (D:\Учёба\Магистратура 5 курс 2 семестр\Методы оптимизации\Labs\Otolog-Kursach\plugins\edu.stanford.smi.protegex.owl) -- LocalFolderRepository.update()
2015.05.13 02:50:00.781 MSK INFO: Rule engine 'SWRLJessBridge' registered with the SWRLTab bridge. -- BridgeFactory.registerBridge()
2015.05.13 02:51:03.584 MSK WARNING: [Local Folder Repository] The specified file must be a directory. (D:\Учёба\Магистратура 5 курс 2 семестр\Методы оптимизации\Labs\Otolog-Kursach\plugins\edu.stanford.smi.protegex.owl) -- LocalFolderRepository.update()
2015.05.13 02:51:03.838 MSK WARNING: [Local Folder Repository] The specified file must be a directory. (D:\Учёба\Магистратура 5 курс 2 семестр\Методы оптимизации\Labs\Otolog-Kursach\plugins\edu.stanford.smi.protegex.owl) -- LocalFolderRepository.update()
2015.05.13 02:53:15.123 MSK INFO: *** SYSTEM START ***
2015.05.13 02:53:17.383 MSK WARNING: [Local Folder Repository] The specified file must be a directory. (D:\Учёба\Магистратура 5 курс 2 семестр\Методы оптимизации\Labs\Otolog-Kursach\plugins\edu.stanford.smi.protegex.owl) -- LocalFolderRepository.update()
2015.05.13 02:53:17.622 MSK WARNING: [Local Folder Repository] The specified file must be a directory. (D:\Учёба\Магистратура 5 курс 2 семестр\Методы оптимизации\Labs\Otolog-Kursach\plugins\edu.stanford.smi.protegex.owl) -- LocalFolderRepository.update()
2015.05.13 02:54:37.659 MSK INFO: *** SYSTEM START ***
2015.05.13 02:54:41.796 MSK WARNING: [Local Folder Repository] The specified file must be a directory. (D:\Учёба\Магистратура 5 курс 2 семестр\Методы оптимизации\Labs\Otolog-Kursach\plugins\edu.stanford.smi.protegex.owl) -- LocalFolderRepository.update()
2015.05.13 02:54:41.974 MSK WARNING: [Local Folder Repository] The specified file must be a directory. (D:\Учёба\Магистратура 5 курс 2 семестр\Методы оптимизации\Labs\Otolog-Kursach\plugins\edu.stanford.smi.protegex.owl) -- LocalFolderRepository.update()
2015.05.13 02:55:27.370 MSK WARNING: [Local Folder Repository] The specified file must be a directory. (D:\Учёба\Магистратура 5 курс 2 семестр\Методы оптимизации\Labs\Otolog-Kursach\plugins\edu.stanford.smi.protegex.owl) -- LocalFolderRepository.update()
2015.05.13 02:55:27.428 MSK WARNING: [Local Folder Repository] The specified file must be a directory. (D:\Учёба\Магистратура 5 курс 2 семестр\Методы оптимизации\Labs\Otolog-Kursach\plugins\edu.stanford.smi.protegex.owl) -- LocalFolderRepository.update()
2015.05.13 16:53:34.392 MSK INFO: *** SYSTEM START ***
2015.05.13 16:53:36.141 MSK WARNING: [Local Folder Repository] The specified file must be a directory. (D:\Учёба\Магистратура 5 курс 2 семестр\Методы оптимизации\Labs\Otolog-Kursach\plugins\edu.stanford.smi.protegex.owl) -- LocalFolderRepository.update()
2015.05.13 16:58:12.681 MSK WARNING: [Local Folder Repository] The specified file must be a directory. (D:\Учёба\Магистратура 5 курс 2 семестр\Методы оптимизации\Labs\Otolog-Kursach\plugins\edu.stanford.smi.protegex.owl) -- LocalFolderRepository.update()
2015.05.13 16:59:06.468 MSK INFO: *** SYSTEM START ***
2015.05.13 16:59:08.126 MSK WARNING: [Local Folder Repository] The specified file must be a directory. (D:\Учёба\Магистратура 5 курс 2 семестр\Методы оптимизации\Labs\Otolog-Kursach\plugins\edu.stanford.smi.protegex.owl) -- LocalFolderRepository.update()
2015.05.13 17:00:58.085 MSK WARNING: [Local Folder Repository] The specified file must be a directory. (D:\Учёба\Магистратура 5 курс 2 семестр\Методы оптимизации\Labs\Otolog-Kursach\plugins\edu.stanford.smi.protegex.owl) -- LocalFolderRepository.update()
2015.05.13 17:04:18.557 MSK WARNING: [Local Folder Repository] The specified file must be a directory. (D:\Учёба\Магистратура 5 курс 2 семестр\Методы оптимизации\Labs\Otolog-Kursach\plugins\edu.stanford.smi.protegex.owl) -- LocalFolderRepository.update()
2015.05.13 17:05:13.638 MSK INFO: *** SYSTEM START ***
2015.05.13 17:05:15.240 MSK WARNING: [Local Folder Repository] The specified file must be a directory. (D:\Учёба\Магистратура 5 курс 2 семестр\Методы оптимизации\Labs\Otolog-Kursach\plugins\edu.stanford.smi.protegex.owl) -- LocalFolderRepository.update()
2015.05.13 17:06:54.431 MSK WARNING: [Local Folder Repository] The specified file must be a directory. (D:\Учёба\Магистратура 5 курс 2 семестр\Методы оптимизации\Labs\Otolog-Kursach\plugins\edu.stanford.smi.protegex.owl) -- LocalFolderRepository.update()
2015.05.13 18:17:25.455 MSK INFO: *** SYSTEM START ***
2015.05.13 18:17:28.660 MSK WARNING: [Local Folder Repository] The specified file must be a directory. (D:\Учёба\Магистратура 5 курс 2 семестр\Методы оптимизации\Labs\Otolog-Kursach\plugins\edu.stanford.smi.protegex.owl) -- LocalFolderRepository.update()
2015.05.13 18:19:14.256 MSK INFO: *** SYSTEM START ***
2015.05.13 18:19:15.911 MSK WARNING: [Local Folder Repository] The specified file must be a directory. (D:\Учёба\Магистратура 5 курс 2 семестр\Методы оптимизации\Labs\Otolog-Kursach\plugins\edu.stanford.smi.protegex.owl) -- LocalFolderRepository.update()
2015.05.13 18:22:21.814 MSK INFO: *** SYSTEM START ***
2015.05.13 18:22:23.364 MSK WARNING: [Local Folder Repository] The specified file must be a directory. (D:\Учёба\Магистратура 5 курс 2 семестр\Методы оптимизации\Labs\Otolog-Kursach\plugins\edu.stanford.smi.protegex.owl) -- LocalFolderRepository.update()
2015.05.13 18:24:44.353 MSK INFO: *** SYSTEM START ***
2015.05.13 18:24:45.811 MSK WARNING: [Local Folder Repository] The specified file must be a directory. (D:\Учёба\Магистратура 5 курс 2 семестр\Методы оптимизации\Labs\Otolog-Kursach\plugins\edu.stanford.smi.protegex.owl) -- LocalFolderRepository.update()
2015.05.13 18:46:19.638 MSK INFO: *** SYSTEM START ***
2015.05.13 18:46:21.221 MSK WARNING: [Local Folder Repository] The specified file must be a directory. (D:\Учёба\Магистратура 5 курс 2 семестр\Методы оптимизации\Labs\Otolog-Kursach\plugins\edu.stanford.smi.protegex.owl) -- LocalFolderRepository.update()
2015.05.15 02:27:16.317 MSK INFO: *** SYSTEM START ***
2015.05.15 02:27:18.535 MSK WARNING: [Local Folder Repository] The specified file must be a directory. (D:\Учёба\Магистратура 5 курс 2 семестр\Методы оптимизации\Labs\Otolog-Kursach\plugins\edu.stanford.smi.protegex.owl) -- LocalFolderRepository.update()
2015.05.15 02:28:31.504 MSK WARNING: [Local Folder Repository] The specified file must be a directory. (D:\Учёба\Магистратура 5 курс 2 семестр\Методы оптимизации\Labs\Otolog-Kursach\plugins\edu.stanford.smi.protegex.owl) -- LocalFolderRepository.update()
2015.05.15 02:28:55.572 MSK WARNING: [Local Folder Repository] The specified file must be a directory. (D:\Учёба\Магистратура 5 курс 2 семестр\Методы оптимизации\Labs\Otolog-Kursach\plugins\edu.stanford.smi.protegex.owl) -- LocalFolderRepository.update()
2015.05.15 02:29:39.272 MSK INFO: *** SYSTEM START ***
2015.05.15 02:29:41.254 MSK WARNING: [Local Folder Repository] The specified file must be a directory. (D:\Учёба\Магистратура 5 курс 2 семестр\Методы оптимизации\Labs\Otolog-Kursach\plugins\edu.stanford.smi.protegex.owl) -- LocalFolderRepository.update()
2015.05.15 02:29:42.136 MSK INFO: Rule engine 'SWRLJessBridge' registered with the SWRLTab bridge. -- BridgeFactory.registerBridge()
2015.05.15 02:30:34.508 MSK WARNING: [Local Folder Repository] The specified file must be a directory. (D:\Учёба\Магистратура 5 курс 2 семестр\Методы оптимизации\Labs\Otolog-Kursach\plugins\edu.stanford.smi.protegex.owl) -- LocalFolderRepository.update()
2015.05.15 02:31:14.967 MSK INFO: *** SYSTEM START ***
2015.05.15 02:31:17.064 MSK WARNING: [Local Folder Repository] The specified file must be a directory. (D:\Учёба\Магистратура 5 курс 2 семестр\Методы оптимизации\Labs\Otolog-Kursach\plugins\edu.stanford.smi.protegex.owl) -- LocalFolderRepository.update()
2015.05.15 02:31:35.482 MSK INFO: Rule engine 'SWRLJessBridge' registered with the SWRLTab bridge. -- BridgeFactory.registerBridge()
2015.05.15 02:36:33.102 MSK INFO: *** SYSTEM START ***
2015.05.15 02:36:35.302 MSK WARNING: [Local Folder Repository] The specified file must be a directory. (D:\Учёба\Магистратура 5 курс 2 семестр\Методы оптимизации\Labs\Otolog-Kursach\plugins\edu.stanford.smi.protegex.owl) -- LocalFolderRepository.update()
2015.05.15 02:36:39.297 MSK INFO: Rule engine 'SWRLJessBridge' registered with the SWRLTab bridge. -- BridgeFactory.registerBridge()
2015.05.15 02:38:09.943 MSK INFO: *** SYSTEM START ***
2015.05.15 02:38:12.071 MSK WARNING: [Local Folder Repository] The specified file must be a directory. (D:\Учёба\Магистратура 5 курс 2 семестр\Методы оптимизации\Labs\Otolog-Kursach\plugins\edu.stanford.smi.protegex.owl) -- LocalFolderRepository.update()
2015.05.15 02:39:50.683 MSK INFO: Rule engine 'SWRLJessBridge' registered with the SWRLTab bridge. -- BridgeFactory.registerBridge()
2015.05.15 02:40:34.288 MSK INFO: *** SYSTEM START ***
2015.05.15 02:40:36.367 MSK WARNING: [Local Folder Repository] The specified file must be a directory. (D:\Учёба\Магистратура 5 курс 2 семестр\Методы оптимизации\Labs\Otolog-Kursach\plugins\edu.stanford.smi.protegex.owl) -- LocalFolderRepository.update()
2015.05.15 02:40:37.193 MSK INFO: Rule engine 'SWRLJessBridge' registered with the SWRLTab bridge. -- BridgeFactory.registerBridge()
2015.05.15 02:41:37.922 MSK WARNING: [Local Folder Repository] The specified file must be a directory. (D:\Учёба\Магистратура 5 курс 2 семестр\Методы оптимизации\Labs\Otolog-Kursach\plugins\edu.stanford.smi.protegex.owl) -- LocalFolderRepository.update()
2015.05.15 02:43:44.472 MSK WARNING: [Local Folder Repository] The specified file must be a directory. (D:\Учёба\Магистратура 5 курс 2 семестр\Методы оптимизации\Labs\Otolog-Kursach\plugins\edu.stanford.smi.protegex.owl) -- LocalFolderRepository.update()
2015.05.15 02:45:42.039 MSK INFO: *** SYSTEM START ***
2015.05.15 02:45:44.480 MSK WARNING: [Local Folder Repository] The specified file must be a directory. (D:\Учёба\Магистратура 5 курс 2 семестр\Методы оптимизации\Labs\Otolog-Kursach\plugins\edu.stanford.smi.protegex.owl) -- LocalFolderRepository.update()
2015.05.15 02:45:45.295 MSK INFO: Rule engine 'SWRLJessBridge' registered with the SWRLTab bridge. -- BridgeFactory.registerBridge()
2015.05.15 02:46:41.944 MSK WARNING: [Local Folder Repository] The specified file must be a directory. (D:\Учёба\Магистратура 5 курс 2 семестр\Методы оптимизации\Labs\Otolog-Kursach\plugins\edu.stanford.smi.protegex.owl) -- LocalFolderRepository.update()
2015.05.15 02:51:11.645 MSK INFO: *** SYSTEM START ***
2015.05.15 02:51:13.687 MSK WARNING: [Local Folder Repository] The specified file must be a directory. (D:\Учёба\Магистратура 5 курс 2 семестр\Методы оптимизации\Labs\Otolog-Kursach\plugins\edu.stanford.smi.protegex.owl) -- LocalFolderRepository.update()
2015.05.15 02:54:30.486 MSK INFO: Rule engine 'SWRLJessBridge' registered with the SWRLTab bridge. -- BridgeFactory.registerBridge()
2015.05.15 02:56:19.128 MSK WARNING: [Local Folder Repository] The specified file must be a directory. (D:\Учёба\Магистратура 5 курс 2 семестр\Методы оптимизации\Labs\Otolog-Kursach\plugins\edu.stanford.smi.protegex.owl) -- LocalFolderRepository.update()
2015.05.15 02:59:09.221 MSK INFO: *** SYSTEM START ***
2015.05.15 02:59:11.323 MSK WARNING: [Local Folder Repository] The specified file must be a directory. (D:\Учёба\Магистратура 5 курс 2 семестр\Методы оптимизации\Labs\Otolog-Kursach\plugins\edu.stanford.smi.protegex.owl) -- LocalFolderRepository.update()
2015.05.15 02:59:12.082 MSK INFO: Rule engine 'SWRLJessBridge' registered with the SWRLTab bridge. -- BridgeFactory.registerBridge()
2015.05.15 03:06:01.860 MSK WARNING: [Local Folder Repository] The specified file must be a directory. (D:\Учёба\Магистратура 5 курс 2 семестр\Методы оптимизации\Labs\Otolog-Kursach\plugins\edu.stanford.smi.protegex.owl) -- LocalFolderRepository.update()
2015.05.15 03:10:17.592 MSK WARNING: [Local Folder Repository] The specified file must be a directory. (D:\Учёба\Магистратура 5 курс 2 семестр\Методы оптимизации\Labs\Otolog-Kursach\plugins\edu.stanford.smi.protegex.owl) -- LocalFolderRepository.update()
2015.05.15 03:11:04.146 MSK INFO: *** SYSTEM START ***
2015.05.15 03:11:06.129 MSK WARNING: [Local Folder Repository] The specified file must be a directory. (D:\Учёба\Магистратура 5 курс 2 семестр\Методы оптимизации\Labs\Otolog-Kursach\plugins\edu.stanford.smi.protegex.owl) -- LocalFolderRepository.update()
2015.05.15 03:11:06.870 MSK INFO: Rule engine 'SWRLJessBridge' registered with the SWRLTab bridge. -- BridgeFactory.registerBridge()
2015.05.15 03:16:14.282 MSK INFO: *** SYSTEM START ***
2015.05.15 03:16:16.388 MSK WARNING: [Local Folder Repository] The specified file must be a directory. (D:\Учёба\Магистратура 5 курс 2 семестр\Методы оптимизации\Labs\Otolog-Kursach\plugins\edu.stanford.smi.protegex.owl) -- LocalFolderRepository.update()
2015.05.15 03:16:17.090 MSK INFO: Rule engine 'SWRLJessBridge' registered with the SWRLTab bridge. -- BridgeFactory.registerBridge()
2015.05.15 03:17:40.469 MSK INFO: *** SYSTEM START ***
2015.05.15 03:17:42.501 MSK WARNING: [Local Folder Repository] The specified file must be a directory. (D:\Учёба\Магистратура 5 курс 2 семестр\Методы оптимизации\Labs\Otolog-Kursach\plugins\edu.stanford.smi.protegex.owl) -- LocalFolderRepository.update()
2015.05.15 03:17:43.391 MSK INFO: Rule engine 'SWRLJessBridge' registered with the SWRLTab bridge. -- BridgeFactory.registerBridge()
2015.05.15 03:18:37.233 MSK INFO: *** SYSTEM START ***
2015.05.15 03:18:39.378 MSK WARNING: [Local Folder Repository] The specified file must be a directory. (D:\Учёба\Магистратура 5 курс 2 семестр\Методы оптимизации\Labs\Otolog-Kursach\plugins\edu.stanford.smi.protegex.owl) -- LocalFolderRepository.update()
2015.05.15 03:18:40.164 MSK INFO: Rule engine 'SWRLJessBridge' registered with the SWRLTab bridge. -- BridgeFactory.registerBridge()
2015.05.15 03:23:35.190 MSK INFO: *** SYSTEM START ***
2015.05.15 03:23:40.126 MSK WARNING: [Local Folder Repository] The specified file must be a directory. (D:\Учёба\Магистратура 5 курс 2 семестр\Методы оптимизации\Labs\Otolog-Kursach\plugins\edu.stanford.smi.protegex.owl) -- LocalFolderRepository.update()
2015.05.15 03:26:08.673 MSK INFO: *** SYSTEM START ***
2015.05.15 03:26:11.047 MSK WARNING: [Local Folder Repository] The specified file must be a directory. (D:\Учёба\Магистратура 5 курс 2 семестр\Методы оптимизации\Labs\Otolog-Kursach\plugins\edu.stanford.smi.protegex.owl) -- LocalFolderRepository.update()
2015.05.15 03:26:11.856 MSK INFO: Rule engine 'SWRLJessBridge' registered with the SWRLTab bridge. -- BridgeFactory.registerBridge()
2015.05.15 03:27:11.206 MSK WARNING: [Local Folder Repository] The specified file must be a directory. (D:\Учёба\Магистратура 5 курс 2 семестр\Методы оптимизации\Labs\Otolog-Kursach\plugins\edu.stanford.smi.protegex.owl) -- LocalFolderRepository.update()
2015.05.15 03:27:54.768 MSK INFO: *** SYSTEM START ***
2015.05.15 03:27:57.053 MSK WARNING: [Local Folder Repository] The specified file must be a directory. (D:\Учёба\Магистратура 5 курс 2 семестр\Методы оптимизации\Labs\Otolog-Kursach\plugins\edu.stanford.smi.protegex.owl) -- LocalFolderRepository.update()
2015.05.15 03:27:57.826 MSK INFO: Rule engine 'SWRLJessBridge' registered with the SWRLTab bridge. -- BridgeFactory.registerBridge()
2015.05.15 03:29:38.786 MSK WARNING: [Local Folder Repository] The specified file must be a directory. (D:\Учёба\Магистратура 5 курс 2 семестр\Методы оптимизации\Labs\Otolog-Kursach\plugins\edu.stanford.smi.protegex.owl) -- LocalFolderRepository.update()
2015.05.15 03:31:20.047 MSK INFO: *** SYSTEM START ***
2015.05.15 03:31:22.067 MSK WARNING: [Local Folder Repository] The specified file must be a directory. (D:\Учёба\Магистратура 5 курс 2 семестр\Методы оптимизации\Labs\Otolog-Kursach\plugins\edu.stanford.smi.protegex.owl) -- LocalFolderRepository.update()
2015.05.15 03:31:22.959 MSK INFO: Rule engine 'SWRLJessBridge' registered with the SWRLTab bridge. -- BridgeFactory.registerBridge()
2015.05.15 03:35:04.085 MSK INFO: *** SYSTEM START ***
2015.05.15 03:35:06.264 MSK WARNING: [Local Folder Repository] The specified file must be a directory. (D:\Учёба\Магистратура 5 курс 2 семестр\Методы оптимизации\Labs\Otolog-Kursach\plugins\edu.stanford.smi.protegex.owl) -- LocalFolderRepository.update()
2015.05.15 03:35:07.294 MSK INFO: Rule engine 'SWRLJessBridge' registered with the SWRLTab bridge. -- BridgeFactory.registerBridge()
2015.05.15 03:37:34.450 MSK INFO: *** SYSTEM START ***
2015.05.15 03:37:36.298 MSK WARNING: [Local Folder Repository] The specified file must be a directory. (D:\Учёба\Магистратура 5 курс 2 семестр\Методы оптимизации\Labs\Otolog-Kursach\plugins\edu.stanford.smi.protegex.owl) -- LocalFolderRepository.update()
2015.05.15 03:37:36.979 MSK INFO: Rule engine 'SWRLJessBridge' registered with the SWRLTab bridge. -- BridgeFactory.registerBridge()
2015.05.15 03:38:22.605 MSK WARNING: [Local Folder Repository] The specified file must be a directory. (D:\Учёба\Магистратура 5 курс 2 семестр\Методы оптимизации\Labs\Otolog-Kursach\plugins\edu.stanford.smi.protegex.owl) -- LocalFolderRepository.update()
2015.05.15 03:38:26.791 MSK WARNING: [Local Folder Repository] The specified file must be a directory. (D:\Учёба\Магистратура 5 курс 2 семестр\Методы оптимизации\Labs\Otolog-Kursach\plugins\edu.stanford.smi.protegex.owl) -- LocalFolderRepository.update()
2015.05.15 03:38:30.217 MSK WARNING: [Local Folder Repository] The specified file must be a directory. (D:\Учёба\Магистратура 5 курс 2 семестр\Методы оптимизации\Labs\Otolog-Kursach\plugins\edu.stanford.smi.protegex.owl) -- LocalFolderRepository.update()
2015.05.15 03:39:43.127 MSK INFO: *** SYSTEM START ***
2015.05.15 03:39:44.971 MSK WARNING: [Local Folder Repository] The specified file must be a directory. (D:\Учёба\Магистратура 5 курс 2 семестр\Методы оптимизации\Labs\Otolog-Kursach\plugins\edu.stanford.smi.protegex.owl) -- LocalFolderRepository.update()
2015.05.15 03:39:45.608 MSK INFO: Rule engine 'SWRLJessBridge' registered with the SWRLTab bridge. -- BridgeFactory.registerBridge()
2015.05.15 03:43:42.437 MSK INFO: *** SYSTEM START ***
2015.05.15 03:43:44.376 MSK WARNING: [Local Folder Repository] The specified file must be a directory. (D:\Учёба\Магистратура 5 курс 2 семестр\Методы оптимизации\Labs\Otolog-Kursach\plugins\edu.stanford.smi.protegex.owl) -- LocalFolderRepository.update()
2015.05.15 03:43:44.989 MSK INFO: Rule engine 'SWRLJessBridge' registered with the SWRLTab bridge. -- BridgeFactory.registerBridge()
2015.05.15 03:45:02.523 MSK INFO: *** SYSTEM START ***
2015.05.15 03:45:04.424 MSK WARNING: [Local Folder Repository] The specified file must be a directory. (D:\Учёба\Магистратура 5 курс 2 семестр\Методы оптимизации\Labs\Otolog-Kursach\plugins\edu.stanford.smi.protegex.owl) -- LocalFolderRepository.update()
2015.05.15 03:45:05.122 MSK INFO: Rule engine 'SWRLJessBridge' registered with the SWRLTab bridge. -- BridgeFactory.registerBridge()
2015.05.15 03:58:04.619 MSK INFO: *** SYSTEM START ***
2015.05.15 03:58:06.580 MSK WARNING: [Local Folder Repository] The specified file must be a directory. (D:\Учёба\Магистратура 5 курс 2 семестр\Методы оптимизации\Labs\Otolog-Kursach\plugins\edu.stanford.smi.protegex.owl) -- LocalFolderRepository.update()
2015.05.15 03:58:07.383 MSK INFO: Rule engine 'SWRLJessBridge' registered with the SWRLTab bridge. -- BridgeFactory.registerBridge()
2015.05.15 03:59:09.858 MSK INFO: *** SYSTEM START ***
2015.05.15 03:59:11.749 MSK WARNING: [Local Folder Repository] The specified file must be a directory. (D:\Учёба\Магистратура 5 курс 2 семестр\Методы оптимизации\Labs\Otolog-Kursach\plugins\edu.stanford.smi.protegex.owl) -- LocalFolderRepository.update()
2015.05.15 03:59:12.376 MSK INFO: Rule engine 'SWRLJessBridge' registered with the SWRLTab bridge. -- BridgeFactory.registerBridge()
2015.05.15 03:59:22.345 MSK WARNING: [Local Folder Repository] The specified file must be a directory. (D:\Учёба\Магистратура 5 курс 2 семестр\Методы оптимизации\Labs\Otolog-Kursach\plugins\edu.stanford.smi.protegex.owl) -- LocalFolderRepository.update()
2015.05.15 03:59:25.250 MSK WARNING: [Local Folder Repository] The specified file must be a directory. (D:\Учёба\Магистратура 5 курс 2 семестр\Методы оптимизации\Labs\Otolog-Kursach\plugins\edu.stanford.smi.protegex.owl) -- LocalFolderRepository.update()
2015.05.15 03:59:26.992 MSK WARNING: [Local Folder Repository] The specified file must be a directory. (D:\Учёба\Магистратура 5 курс 2 семестр\Методы оптимизации\Labs\Otolog-Kursach\plugins\edu.stanford.smi.protegex.owl) -- LocalFolderRepository.update()
2015.05.15 03:59:28.293 MSK WARNING: [Local Folder Repository] The specified file must be a directory. (D:\Учёба\Магистратура 5 курс 2 семестр\Методы оптимизации\Labs\Otolog-Kursach\plugins\edu.stanford.smi.protegex.owl) -- LocalFolderRepository.update()
2015.05.15 03:59:34.252 MSK WARNING: [Local Folder Repository] The specified file must be a directory. (D:\Учёба\Магистратура 5 курс 2 семестр\Методы оптимизации\Labs\Otolog-Kursach\plugins\edu.stanford.smi.protegex.owl) -- LocalFolderRepository.update()
2015.05.15 03:59:49.034 MSK WARNING: [Local Folder Repository] The specified file must be a directory. (D:\Учёба\Магистратура 5 курс 2 семестр\Методы оптимизации\Labs\Otolog-Kursach\plugins\edu.stanford.smi.protegex.owl) -- LocalFolderRepository.update()
2015.05.15 04:00:03.997 MSK WARNING: [Local Folder Repository] The specified file must be a directory. (D:\Учёба\Магистратура 5 курс 2 семестр\Методы оптимизации\Labs\Otolog-Kursach\plugins\edu.stanford.smi.protegex.owl) -- LocalFolderRepository.update()
2015.05.15 04:00:05.623 MSK WARNING: [Local Folder Repository] The specified file must be a directory. (D:\Учёба\Магистратура 5 курс 2 семестр\Методы оптимизации\Labs\Otolog-Kursach\plugins\edu.stanford.smi.protegex.owl) -- LocalFolderRepository.update()
2015.05.15 04:00:06.843 MSK WARNING: [Local Folder Repository] The specified file must be a directory. (D:\Учёба\Магистратура 5 курс 2 семестр\Методы оптимизации\Labs\Otolog-Kursach\plugins\edu.stanford.smi.protegex.owl) -- LocalFolderRepository.update()
2015.05.15 04:00:13.477 MSK WARNING: [Local Folder Repository] The specified file must be a directory. (D:\Учёба\Магистратура 5 курс 2 семестр\Методы оптимизации\Labs\Otolog-Kursach\plugins\edu.stanford.smi.protegex.owl) -- LocalFolderRepository.update()
2015.05.15 04:00:14.673 MSK WARNING: [Local Folder Repository] The specified file must be a directory. (D:\Учёба\Магистратура 5 курс 2 семестр\Методы оптимизации\Labs\Otolog-Kursach\plugins\edu.stanford.smi.protegex.owl) -- LocalFolderRepository.update()
2015.05.15 04:00:15.946 MSK WARNING: [Local Folder Repository] The specified file must be a directory. (D:\Учёба\Магистратура 5 курс 2 семестр\Методы оптимизации\Labs\Otolog-Kursach\plugins\edu.stanford.smi.protegex.owl) -- LocalFolderRepository.update()
2015.05.15 04:00:30.764 MSK WARNING: [Local Folder Repository] The specified file must be a directory. (D:\Учёба\Магистратура 5 курс 2 семестр\Методы оптимизации\Labs\Otolog-Kursach\plugins\edu.stanford.smi.protegex.owl) -- LocalFolderRepository.update()
2015.05.15 04:01:38.140 MSK INFO: *** SYSTEM START ***
2015.05.15 04:01:39.997 MSK WARNING: [Local Folder Repository] The specified file must be a directory. (D:\Учёба\Магистратура 5 курс 2 семестр\Методы оптимизации\Labs\Otolog-Kursach\plugins\edu.stanford.smi.protegex.owl) -- LocalFolderRepository.update()
2015.05.15 04:01:40.612 MSK INFO: Rule engine 'SWRLJessBridge' registered with the SWRLTab bridge. -- BridgeFactory.registerBridge()
2015.05.15 04:01:43.804 MSK WARNING: [Local Folder Repository] The specified file must be a directory. (D:\Учёба\Магистратура 5 курс 2 семестр\Методы оптимизации\Labs\Otolog-Kursach\plugins\edu.stanford.smi.protegex.owl) -- LocalFolderRepository.update()
2015.05.15 04:01:45.199 MSK WARNING: [Local Folder Repository] The specified file must be a directory. (D:\Учёба\Магистратура 5 курс 2 семестр\Методы оптимизации\Labs\Otolog-Kursach\plugins\edu.stanford.smi.protegex.owl) -- LocalFolderRepository.update()
2015.05.15 04:01:48.184 MSK WARNING: [Local Folder Repository] The specified file must be a directory. (D:\Учёба\Магистратура 5 курс 2 семестр\Методы оптимизации\Labs\Otolog-Kursach\plugins\edu.stanford.smi.protegex.owl) -- LocalFolderRepository.update()
2015.05.15 04:04:40.585 MSK INFO: *** SYSTEM START ***
2015.05.15 04:04:42.433 MSK WARNING: [Local Folder Repository] The specified file must be a directory. (D:\Учёба\Магистратура 5 курс 2 семестр\Методы оптимизации\Labs\Otolog-Kursach\plugins\edu.stanford.smi.protegex.owl) -- LocalFolderRepository.update()
2015.05.15 04:05:26.442 MSK INFO: *** SYSTEM START ***
2015.05.15 04:05:28.315 MSK WARNING: [Local Folder Repository] The specified file must be a directory. (D:\Учёба\Магистратура 5 курс 2 семестр\Методы оптимизации\Labs\Otolog-Kursach\plugins\edu.stanford.smi.protegex.owl) -- LocalFolderRepository.update()
2015.05.15 04:05:28.854 MSK INFO: Rule engine 'SWRLJessBridge' registered with the SWRLTab bridge. -- BridgeFactory.registerBridge()
2015.05.15 04:05:32.892 MSK WARNING: [Local Folder Repository] The specified file must be a directory. (D:\Учёба\Магистратура 5 курс 2 семестр\Методы оптимизации\Labs\Otolog-Kursach\plugins\edu.stanford.smi.protegex.owl) -- LocalFolderRepository.update()
2015.05.15 04:05:35.337 MSK WARNING: [Local Folder Repository] The specified file must be a directory. (D:\Учёба\Магистратура 5 курс 2 семестр\Методы оптимизации\Labs\Otolog-Kursach\plugins\edu.stanford.smi.protegex.owl) -- LocalFolderRepository.update()
2015.05.15 04:05:39.346 MSK WARNING: [Local Folder Repository] The specified file must be a directory. (D:\Учёба\Магистратура 5 курс 2 семестр\Методы оптимизации\Labs\Otolog-Kursach\plugins\edu.stanford.smi.protegex.owl) -- LocalFolderRepository.update()
2015.05.15 04:05:43.879 MSK WARNING: [Local Folder Repository] The specified file must be a directory. (D:\Учёба\Магистратура 5 курс 2 семестр\Методы оптимизации\Labs\Otolog-Kursach\plugins\edu.stanford.smi.protegex.owl) -- LocalFolderRepository.update()
2015.05.15 04:09:59.823 MSK INFO: *** SYSTEM START ***
2015.05.15 04:10:01.740 MSK WARNING: [Local Folder Repository] The specified file must be a directory. (D:\Учёба\Магистратура 5 курс 2 семестр\Методы оптимизации\Labs\Otolog-Kursach\plugins\edu.stanford.smi.protegex.owl) -- LocalFolderRepository.update()
2015.05.15 04:10:02.616 MSK INFO: Rule engine 'SWRLJessBridge' registered with the SWRLTab bridge. -- BridgeFactory.registerBridge()
2015.05.15 05:07:27.401 MSK INFO: *** SYSTEM START ***
2015.05.15 05:07:29.341 MSK WARNING: [Local Folder Repository] The specified file must be a directory. (D:\Учёба\Магистратура 5 курс 2 семестр\Методы оптимизации\Labs\Otolog-Kursach\plugins\edu.stanford.smi.protegex.owl) -- LocalFolderRepository.update()
2015.05.15 05:07:30.025 MSK INFO: Rule engine 'SWRLJessBridge' registered with the SWRLTab bridge. -- BridgeFactory.registerBridge()
2015.05.15 05:07:42.403 MSK WARNING: [Local Folder Repository] The specified file must be a directory. (D:\Учёба\Магистратура 5 курс 2 семестр\Методы оптимизации\Labs\Otolog-Kursach\plugins\edu.stanford.smi.protegex.owl) -- LocalFolderRepository.update()
2015.05.15 05:12:21.079 MSK INFO: *** SYSTEM START ***
2015.05.15 05:12:22.934 MSK WARNING: [Local Folder Repository] The specified file must be a directory. (D:\Учёба\Магистратура 5 курс 2 семестр\Методы оптимизации\Labs\Otolog-Kursach\plugins\edu.stanford.smi.protegex.owl) -- LocalFolderRepository.update()
2015.05.15 05:12:23.771 MSK INFO: Rule engine 'SWRLJessBridge' registered with the SWRLTab bridge. -- BridgeFactory.registerBridge()
2015.05.15 05:13:31.332 MSK INFO: *** SYSTEM START ***
2015.05.15 05:13:33.199 MSK WARNING: [Local Folder Repository] The specified file must be a directory. (D:\Учёба\Магистратура 5 курс 2 семестр\Методы оптимизации\Labs\Otolog-Kursach\plugins\edu.stanford.smi.protegex.owl) -- LocalFolderRepository.update()
2015.05.15 05:13:33.904 MSK INFO: Rule engine 'SWRLJessBridge' registered with the SWRLTab bridge. -- BridgeFactory.registerBridge()
2015.05.15 14:00:48.650 MSK INFO: *** SYSTEM START ***
2015.05.15 14:00:48.994 MSK WARNING: [Local Folder Repository] The specified file must be a directory. (C:\Projects\introduction\Ontology-Kurs\plugins\edu.stanford.smi.protegex.owl) -- LocalFolderRepository.update()
2015.05.15 14:03:37.308 MSK INFO: *** SYSTEM START ***
2015.05.15 14:03:37.667 MSK WARNING: [Local Folder Repository] The specified file must be a directory. (C:\Projects\introduction\Ontology-Kurs\plugins\edu.stanford.smi.protegex.owl) -- LocalFolderRepository.update()
2015.05.15 14:03:59.684 MSK WARNING: [Local Folder Repository] The specified file must be a directory. (C:\Projects\introduction\Ontology-Kurs\plugins\edu.stanford.smi.protegex.owl) -- LocalFolderRepository.update()
2015.05.15 14:03:59.728 MSK INFO: Rule engine 'SWRLJessBridge' registered with the SWRLTab bridge. -- BridgeFactory.registerBridge()
2015.05.15 14:04:03.750 MSK WARNING: [Local Folder Repository] The specified file must be a directory. (C:\Projects\introduction\Ontology-Kurs\plugins\edu.stanford.smi.protegex.owl) -- LocalFolderRepository.update()
2015.05.15 14:11:47.388 MSK INFO: *** SYSTEM START ***
2015.05.15 14:11:47.747 MSK WARNING: [Local Folder Repository] The specified file must be a directory. (C:\Projects\introduction\Ontology-Kurs\plugins\edu.stanford.smi.protegex.owl) -- LocalFolderRepository.update()
2015.05.15 14:11:47.900 MSK INFO: Rule engine 'SWRLJessBridge' registered with the SWRLTab bridge. -- BridgeFactory.registerBridge()
2015.05.15 14:11:54.896 MSK WARNING: [Local Folder Repository] The specified file must be a directory. (C:\Projects\introduction\Ontology-Kurs\plugins\edu.stanford.smi.protegex.owl) -- LocalFolderRepository.update()
2015.05.15 14:11:55.165 MSK INFO: ... saving successful to: C:\Users\Administrator\Documents\Сергей\ONTOL\Successful.owl -- Protege2Jena.saveAll()
2015.05.15 14:29:48.945 MSK INFO: *** SYSTEM START ***
2015.05.15 14:29:49.304 MSK WARNING: [Local Folder Repository] The specified file must be a directory. (C:\Projects\introduction\Ontology-Kurs\plugins\edu.stanford.smi.protegex.owl) -- LocalFolderRepository.update()
2015.05.15 14:29:49.456 MSK INFO: Rule engine 'SWRLJessBridge' registered with the SWRLTab bridge. -- BridgeFactory.registerBridge()
2015.05.15 14:30:09.201 MSK WARNING: [Local Folder Repository] The specified file must be a directory. (C:\Projects\introduction\Ontology-Kurs\plugins\edu.stanford.smi.protegex.owl) -- LocalFolderRepository.update()
2015.05.15 14:30:09.478 MSK INFO: ... saving successful to: C:\Users\Administrator\Documents\Сергей\ONTOL\New Folder\newOntology.owl -- Protege2Jena.saveAll()
2015.05.15 14:30:25.582 MSK WARNING: [Local Folder Repository] The specified file must be a directory. (C:\Projects\introduction\Ontology-Kurs\plugins\edu.stanford.smi.protegex.owl) -- LocalFolderRepository.update()
2015.05.15 14:30:25.613 MSK INFO: Loading triples from: file:/C:/Users/Administrator/Documents/Сергей/ONTOL/New%20Folder/newOntology.owl -- ProtegeOWLParser.loadTriples()
2015.05.15 14:30:25.644 MSK INFO:     Completed triple loading after 31 ms -- ProtegeOWLParser.loadTriples()
2015.05.15 14:30:25.644 MSK INFO: Postprocess: Process entities with incorrect Java type (0 entities) ...  -- TriplePostProcessor.processFramesWithWrongJavaType()
2015.05.15 14:30:25.644 MSK INFO: 0 ms
 -- TriplePostProcessor.processFramesWithWrongJavaType()
2015.05.15 14:30:25.644 MSK INFO: Postprocess: Process metaclasses (3 metaclasses) ...  -- TriplePostProcessor.processMetaclasses()
2015.05.15 14:30:25.644 MSK INFO: 0 ms
 -- TriplePostProcessor.processMetaclasses()
2015.05.15 14:30:25.644 MSK INFO: Postprocess: Process subclasses of rdf:List (1 classes) ...  -- TriplePostProcessor.processSubclassesOfRdfList()
2015.05.15 14:30:25.644 MSK INFO: 0 ms
 -- TriplePostProcessor.processSubclassesOfRdfList()
2015.05.15 14:30:25.644 MSK INFO: Postprocess: Instances with multiple types (6 instances) ...  -- TriplePostProcessor.processInstancesWithMultipleTypes()
2015.05.15 14:30:25.644 MSK INFO: 0 ms
 -- TriplePostProcessor.processInstancesWithMultipleTypes()
2015.05.15 14:30:25.644 MSK INFO: Postprocess: Add inferred superclasses ...  -- TriplePostProcessor.processInferredSuperclasses()
2015.05.15 14:30:25.644 MSK INFO: 0 ms
 -- TriplePostProcessor.processInferredSuperclasses()
2015.05.15 14:30:25.644 MSK INFO: Postprocess: Process orphan classes (7 classes) ...  -- TriplePostProcessor.processOrphanClses()
2015.05.15 14:30:25.660 MSK INFO: 16 ms
 -- TriplePostProcessor.processOrphanClses()
2015.05.15 14:30:25.660 MSK INFO: Postprocess: Generalized Concept Inclusion (0 axioms) ...  -- TriplePostProcessor.processGeneralizedConceptInclusions()
2015.05.15 14:30:25.660 MSK INFO: 0 ms
 -- TriplePostProcessor.processGeneralizedConceptInclusions()
2015.05.15 14:30:25.660 MSK INFO: Postprocess: Abstract classes...  -- TriplePostProcessor.processAbstractClasses()
2015.05.15 14:30:25.660 MSK INFO: 0 ms
 -- TriplePostProcessor.processAbstractClasses()
2015.05.15 14:30:25.660 MSK INFO: Postprocess: Domain and range of properties...  -- TriplePostProcessor.processDomainAndRange()
2015.05.15 14:30:25.660 MSK INFO: 0 ms
 -- TriplePostProcessor.processDomainAndRange()
2015.05.15 14:30:25.660 MSK INFO: Postprocess: Possibly typed entities (0 resources) ...  -- TriplePostProcessor.processPossiblyTypedResources()
2015.05.15 14:30:25.660 MSK INFO: 0 ms
 -- TriplePostProcessor.processPossiblyTypedResources()
2015.05.15 14:30:25.660 MSK INFO: Updating underlying frames model in 0 ms -- ProtegeOWLParser.doFinalPostProcessing()
2015.05.15 14:31:22.770 MSK INFO: *** SYSTEM START ***
2015.05.15 14:31:23.129 MSK WARNING: [Local Folder Repository] The specified file must be a directory. (C:\Projects\introduction\Ontology-Kurs\plugins\edu.stanford.smi.protegex.owl) -- LocalFolderRepository.update()
2015.05.15 14:31:23.196 MSK INFO: Loading triples from: file:/C:/Users/Administrator/Documents/Сергей/ONTOL/New%20Folder/newOntology.owl -- ProtegeOWLParser.loadTriples()
2015.05.15 14:31:23.384 MSK INFO:     Completed triple loading after 157 ms -- ProtegeOWLParser.loadTriples()
2015.05.15 14:31:23.384 MSK INFO: Postprocess: Process entities with incorrect Java type (0 entities) ...  -- TriplePostProcessor.processFramesWithWrongJavaType()
2015.05.15 14:31:23.384 MSK INFO: 0 ms
 -- TriplePostProcessor.processFramesWithWrongJavaType()
2015.05.15 14:31:23.384 MSK INFO: Postprocess: Process metaclasses (3 metaclasses) ...  -- TriplePostProcessor.processMetaclasses()
2015.05.15 14:31:23.384 MSK INFO: 0 ms
 -- TriplePostProcessor.processMetaclasses()
2015.05.15 14:31:23.384 MSK INFO: Postprocess: Process subclasses of rdf:List (1 classes) ...  -- TriplePostProcessor.processSubclassesOfRdfList()
2015.05.15 14:31:23.384 MSK INFO: 0 ms
 -- TriplePostProcessor.processSubclassesOfRdfList()
2015.05.15 14:31:23.384 MSK INFO: Postprocess: Instances with multiple types (6 instances) ...  -- TriplePostProcessor.processInstancesWithMultipleTypes()
2015.05.15 14:31:23.384 MSK INFO: 0 ms
 -- TriplePostProcessor.processInstancesWithMultipleTypes()
2015.05.15 14:31:23.384 MSK INFO: Postprocess: Add inferred superclasses ...  -- TriplePostProcessor.processInferredSuperclasses()
2015.05.15 14:31:23.384 MSK INFO: 0 ms
 -- TriplePostProcessor.processInferredSuperclasses()
2015.05.15 14:31:23.399 MSK INFO: Postprocess: Process orphan classes (7 classes) ...  -- TriplePostProcessor.processOrphanClses()
2015.05.15 14:31:23.399 MSK INFO: 0 ms
 -- TriplePostProcessor.processOrphanClses()
2015.05.15 14:31:23.399 MSK INFO: Postprocess: Generalized Concept Inclusion (0 axioms) ...  -- TriplePostProcessor.processGeneralizedConceptInclusions()
2015.05.15 14:31:23.399 MSK INFO: 0 ms
 -- TriplePostProcessor.processGeneralizedConceptInclusions()
2015.05.15 14:31:23.399 MSK INFO: Postprocess: Abstract classes...  -- TriplePostProcessor.processAbstractClasses()
2015.05.15 14:31:23.399 MSK INFO: 0 ms
 -- TriplePostProcessor.processAbstractClasses()
2015.05.15 14:31:23.399 MSK INFO: Postprocess: Domain and range of properties...  -- TriplePostProcessor.processDomainAndRange()
2015.05.15 14:31:23.399 MSK INFO: 0 ms
 -- TriplePostProcessor.processDomainAndRange()
2015.05.15 14:31:23.399 MSK INFO: Postprocess: Possibly typed entities (0 resources) ...  -- TriplePostProcessor.processPossiblyTypedResources()
2015.05.15 14:31:23.399 MSK INFO: 0 ms
 -- TriplePostProcessor.processPossiblyTypedResources()
2015.05.15 14:31:23.399 MSK INFO: Updating underlying frames model in 0 ms -- ProtegeOWLParser.doFinalPostProcessing()
2015.05.15 14:31:23.509 MSK WARNING: Invalid frame type: DefaultOWLIndividual(http://www.owl-ontologies.com/JavaInstruments.owl#Ivy of [DefaultOWLNamedClass(http://www.owl-ontologies.com/JavaInstruments.owl#BuildSystemProject)]) -- AbstractRedirectingDispatch.getDirectOwnSlotValues()
2015.05.15 14:32:29.149 MSK INFO: *** SYSTEM START ***
2015.05.15 14:32:29.509 MSK WARNING: [Local Folder Repository] The specified file must be a directory. (C:\Projects\introduction\Ontology-Kurs\plugins\edu.stanford.smi.protegex.owl) -- LocalFolderRepository.update()
2015.05.15 14:32:29.640 MSK INFO: Rule engine 'SWRLJessBridge' registered with the SWRLTab bridge. -- BridgeFactory.registerBridge()
2015.05.15 14:32:40.446 MSK WARNING: [Local Folder Repository] The specified file must be a directory. (C:\Projects\introduction\Ontology-Kurs\plugins\edu.stanford.smi.protegex.owl) -- LocalFolderRepository.update()
2015.05.15 14:32:40.519 MSK INFO: Loading triples from: file:/C:/Users/Administrator/Documents/Сергей/ONTOL/New%20Folder/newOntology.owl -- ProtegeOWLParser.loadTriples()
2015.05.15 14:32:40.612 MSK INFO:     Completed triple loading after 93 ms -- ProtegeOWLParser.loadTriples()
2015.05.15 14:32:40.612 MSK INFO: Postprocess: Process entities with incorrect Java type (0 entities) ...  -- TriplePostProcessor.processFramesWithWrongJavaType()
2015.05.15 14:32:40.612 MSK INFO: 0 ms
 -- TriplePostProcessor.processFramesWithWrongJavaType()
2015.05.15 14:32:40.612 MSK INFO: Postprocess: Process metaclasses (3 metaclasses) ...  -- TriplePostProcessor.processMetaclasses()
2015.05.15 14:32:40.612 MSK INFO: 0 ms
 -- TriplePostProcessor.processMetaclasses()
2015.05.15 14:32:40.612 MSK INFO: Postprocess: Process subclasses of rdf:List (1 classes) ...  -- TriplePostProcessor.processSubclassesOfRdfList()
2015.05.15 14:32:40.612 MSK INFO: 0 ms
 -- TriplePostProcessor.processSubclassesOfRdfList()
2015.05.15 14:32:40.612 MSK INFO: Postprocess: Instances with multiple types (6 instances) ...  -- TriplePostProcessor.processInstancesWithMultipleTypes()
2015.05.15 14:32:40.612 MSK INFO: 0 ms
 -- TriplePostProcessor.processInstancesWithMultipleTypes()
2015.05.15 14:32:40.612 MSK INFO: Postprocess: Add inferred superclasses ...  -- TriplePostProcessor.processInferredSuperclasses()
2015.05.15 14:32:40.612 MSK INFO: 0 ms
 -- TriplePostProcessor.processInferredSuperclasses()
2015.05.15 14:32:40.612 MSK INFO: Postprocess: Process orphan classes (7 classes) ...  -- TriplePostProcessor.processOrphanClses()
2015.05.15 14:32:40.612 MSK INFO: 0 ms
 -- TriplePostProcessor.processOrphanClses()
2015.05.15 14:32:40.612 MSK INFO: Postprocess: Generalized Concept Inclusion (0 axioms) ...  -- TriplePostProcessor.processGeneralizedConceptInclusions()
2015.05.15 14:32:40.612 MSK INFO: 0 ms
 -- TriplePostProcessor.processGeneralizedConceptInclusions()
2015.05.15 14:32:40.612 MSK INFO: Postprocess: Abstract classes...  -- TriplePostProcessor.processAbstractClasses()
2015.05.15 14:32:40.612 MSK INFO: 0 ms
 -- TriplePostProcessor.processAbstractClasses()
2015.05.15 14:32:40.612 MSK INFO: Postprocess: Domain and range of properties...  -- TriplePostProcessor.processDomainAndRange()
2015.05.15 14:32:40.612 MSK INFO: 0 ms
 -- TriplePostProcessor.processDomainAndRange()
2015.05.15 14:32:40.612 MSK INFO: Postprocess: Possibly typed entities (0 resources) ...  -- TriplePostProcessor.processPossiblyTypedResources()
2015.05.15 14:32:40.612 MSK INFO: 0 ms
 -- TriplePostProcessor.processPossiblyTypedResources()
2015.05.15 14:32:40.612 MSK INFO: Updating underlying frames model in 0 ms -- ProtegeOWLParser.doFinalPostProcessing()
2015.05.15 14:33:13.400 MSK INFO: *** SYSTEM START ***
2015.05.15 14:33:13.791 MSK WARNING: [Local Folder Repository] The specified file must be a directory. (C:\Projects\introduction\Ontology-Kurs\plugins\edu.stanford.smi.protegex.owl) -- LocalFolderRepository.update()
2015.05.15 14:33:13.868 MSK INFO: Loading triples from: file:/C:/Users/Administrator/Documents/Сергей/ONTOL/New%20Folder/newOntology.owl -- ProtegeOWLParser.loadTriples()
2015.05.15 14:33:14.087 MSK INFO:     Completed triple loading after 172 ms -- ProtegeOWLParser.loadTriples()
2015.05.15 14:33:14.087 MSK INFO: Postprocess: Process entities with incorrect Java type (0 entities) ...  -- TriplePostProcessor.processFramesWithWrongJavaType()
2015.05.15 14:33:14.087 MSK INFO: 0 ms
 -- TriplePostProcessor.processFramesWithWrongJavaType()
2015.05.15 14:33:14.087 MSK INFO: Postprocess: Process metaclasses (3 metaclasses) ...  -- TriplePostProcessor.processMetaclasses()
2015.05.15 14:33:14.087 MSK INFO: 0 ms
 -- TriplePostProcessor.processMetaclasses()
2015.05.15 14:33:14.087 MSK INFO: Postprocess: Process subclasses of rdf:List (1 classes) ...  -- TriplePostProcessor.processSubclassesOfRdfList()
2015.05.15 14:33:14.102 MSK INFO: 0 ms
 -- TriplePostProcessor.processSubclassesOfRdfList()
2015.05.15 14:33:14.102 MSK INFO: Postprocess: Instances with multiple types (6 instances) ...  -- TriplePostProcessor.processInstancesWithMultipleTypes()
2015.05.15 14:33:14.102 MSK INFO: 0 ms
 -- TriplePostProcessor.processInstancesWithMultipleTypes()
2015.05.15 14:33:14.102 MSK INFO: Postprocess: Add inferred superclasses ...  -- TriplePostProcessor.processInferredSuperclasses()
2015.05.15 14:33:14.102 MSK INFO: 0 ms
 -- TriplePostProcessor.processInferredSuperclasses()
2015.05.15 14:33:14.102 MSK INFO: Postprocess: Process orphan classes (7 classes) ...  -- TriplePostProcessor.processOrphanClses()
2015.05.15 14:33:14.102 MSK INFO: 0 ms
 -- TriplePostProcessor.processOrphanClses()
2015.05.15 14:33:14.102 MSK INFO: Postprocess: Generalized Concept Inclusion (0 axioms) ...  -- TriplePostProcessor.processGeneralizedConceptInclusions()
2015.05.15 14:33:14.102 MSK INFO: 0 ms
 -- TriplePostProcessor.processGeneralizedConceptInclusions()
2015.05.15 14:33:14.102 MSK INFO: Postprocess: Abstract classes...  -- TriplePostProcessor.processAbstractClasses()
2015.05.15 14:33:14.102 MSK INFO: 0 ms
 -- TriplePostProcessor.processAbstractClasses()
2015.05.15 14:33:14.102 MSK INFO: Postprocess: Domain and range of properties...  -- TriplePostProcessor.processDomainAndRange()
2015.05.15 14:33:14.102 MSK INFO: 0 ms
 -- TriplePostProcessor.processDomainAndRange()
2015.05.15 14:33:14.102 MSK INFO: Postprocess: Possibly typed entities (0 resources) ...  -- TriplePostProcessor.processPossiblyTypedResources()
2015.05.15 14:33:14.102 MSK INFO: 0 ms
 -- TriplePostProcessor.processPossiblyTypedResources()
2015.05.15 14:33:14.102 MSK INFO: Updating underlying frames model in 0 ms -- ProtegeOWLParser.doFinalPostProcessing()
2015.05.15 14:34:39.204 MSK WARNING: Invalid frame type: DefaultOWLIndividual(http://www.owl-ontologies.com/JavaInstruments.owl#Ivy of [DefaultOWLNamedClass(http://www.owl-ontologies.com/JavaInstruments.owl#BuildSystemProject)]) -- AbstractRedirectingDispatch.getDirectOwnSlotValues()
2015.05.15 14:36:36.325 MSK INFO: *** SYSTEM START ***
2015.05.15 14:36:36.717 MSK WARNING: [Local Folder Repository] The specified file must be a directory. (C:\Projects\introduction\Ontology-Kurs\plugins\edu.stanford.smi.protegex.owl) -- LocalFolderRepository.update()
2015.05.15 14:36:36.788 MSK INFO: Loading triples from: file:/C:/Users/Administrator/Documents/Сергей/ONTOL/New%20Folder/newOntology.owl -- ProtegeOWLParser.loadTriples()
2015.05.15 14:36:37.022 MSK INFO:     Completed triple loading after 172 ms -- ProtegeOWLParser.loadTriples()
2015.05.15 14:36:37.022 MSK INFO: Postprocess: Process entities with incorrect Java type (0 entities) ...  -- TriplePostProcessor.processFramesWithWrongJavaType()
2015.05.15 14:36:37.022 MSK INFO: 0 ms
 -- TriplePostProcessor.processFramesWithWrongJavaType()
2015.05.15 14:36:37.022 MSK INFO: Postprocess: Process metaclasses (3 metaclasses) ...  -- TriplePostProcessor.processMetaclasses()
2015.05.15 14:36:37.022 MSK INFO: 0 ms
 -- TriplePostProcessor.processMetaclasses()
2015.05.15 14:36:37.022 MSK INFO: Postprocess: Process subclasses of rdf:List (1 classes) ...  -- TriplePostProcessor.processSubclassesOfRdfList()
2015.05.15 14:36:37.022 MSK INFO: 0 ms
 -- TriplePostProcessor.processSubclassesOfRdfList()
2015.05.15 14:36:37.022 MSK INFO: Postprocess: Instances with multiple types (6 instances) ...  -- TriplePostProcessor.processInstancesWithMultipleTypes()
2015.05.15 14:36:37.022 MSK INFO: 0 ms
 -- TriplePostProcessor.processInstancesWithMultipleTypes()
2015.05.15 14:36:37.022 MSK INFO: Postprocess: Add inferred superclasses ...  -- TriplePostProcessor.processInferredSuperclasses()
2015.05.15 14:36:37.022 MSK INFO: 0 ms
 -- TriplePostProcessor.processInferredSuperclasses()
2015.05.15 14:36:37.022 MSK INFO: Postprocess: Process orphan classes (7 classes) ...  -- TriplePostProcessor.processOrphanClses()
2015.05.15 14:36:37.022 MSK INFO: 0 ms
 -- TriplePostProcessor.processOrphanClses()
2015.05.15 14:36:37.022 MSK INFO: Postprocess: Generalized Concept Inclusion (0 axioms) ...  -- TriplePostProcessor.processGeneralizedConceptInclusions()
2015.05.15 14:36:37.022 MSK INFO: 0 ms
 -- TriplePostProcessor.processGeneralizedConceptInclusions()
2015.05.15 14:36:37.022 MSK INFO: Postprocess: Abstract classes...  -- TriplePostProcessor.processAbstractClasses()
2015.05.15 14:36:37.022 MSK INFO: 0 ms
 -- TriplePostProcessor.processAbstractClasses()
2015.05.15 14:36:37.022 MSK INFO: Postprocess: Domain and range of properties...  -- TriplePostProcessor.processDomainAndRange()
2015.05.15 14:36:37.022 MSK INFO: 0 ms
 -- TriplePostProcessor.processDomainAndRange()
2015.05.15 14:36:37.022 MSK INFO: Postprocess: Possibly typed entities (0 resources) ...  -- TriplePostProcessor.processPossiblyTypedResources()
2015.05.15 14:36:37.022 MSK INFO: 0 ms
 -- TriplePostProcessor.processPossiblyTypedResources()
2015.05.15 14:36:37.022 MSK INFO: Updating underlying frames model in 0 ms -- ProtegeOWLParser.doFinalPostProcessing()
2015.05.15 14:40:02.321 MSK INFO: *** SYSTEM START ***
2015.05.15 14:40:02.727 MSK WARNING: [Local Folder Repository] The specified file must be a directory. (C:\Projects\introduction\Ontology-Kurs\plugins\edu.stanford.smi.protegex.owl) -- LocalFolderRepository.update()
2015.05.15 14:40:02.895 MSK INFO: Rule engine 'SWRLJessBridge' registered with the SWRLTab bridge. -- BridgeFactory.registerBridge()
2015.05.15 14:43:18.211 MSK INFO: *** SYSTEM START ***
2015.05.15 14:43:18.571 MSK WARNING: [Local Folder Repository] The specified file must be a directory. (C:\Projects\introduction\Ontology-Kurs\plugins\edu.stanford.smi.protegex.owl) -- LocalFolderRepository.update()
2015.05.15 14:43:18.640 MSK INFO: Loading triples from: file:/C:/Users/Administrator/Documents/Сергей/ONTOL/New%20Folder/newOntology.owl -- ProtegeOWLParser.loadTriples()
2015.05.15 14:43:18.828 MSK INFO:     Completed triple loading after 157 ms -- ProtegeOWLParser.loadTriples()
2015.05.15 14:43:18.828 MSK INFO: Postprocess: Process entities with incorrect Java type (0 entities) ...  -- TriplePostProcessor.processFramesWithWrongJavaType()
2015.05.15 14:43:18.828 MSK INFO: 0 ms
 -- TriplePostProcessor.processFramesWithWrongJavaType()
2015.05.15 14:43:18.828 MSK INFO: Postprocess: Process metaclasses (3 metaclasses) ...  -- TriplePostProcessor.processMetaclasses()
2015.05.15 14:43:18.828 MSK INFO: 0 ms
 -- TriplePostProcessor.processMetaclasses()
2015.05.15 14:43:18.828 MSK INFO: Postprocess: Process subclasses of rdf:List (1 classes) ...  -- TriplePostProcessor.processSubclassesOfRdfList()
2015.05.15 14:43:18.828 MSK INFO: 0 ms
 -- TriplePostProcessor.processSubclassesOfRdfList()
2015.05.15 14:43:18.828 MSK INFO: Postprocess: Instances with multiple types (6 instances) ...  -- TriplePostProcessor.processInstancesWithMultipleTypes()
2015.05.15 14:43:18.828 MSK INFO: 0 ms
 -- TriplePostProcessor.processInstancesWithMultipleTypes()
2015.05.15 14:43:18.828 MSK INFO: Postprocess: Add inferred superclasses ...  -- TriplePostProcessor.processInferredSuperclasses()
2015.05.15 14:43:18.828 MSK INFO: 0 ms
 -- TriplePostProcessor.processInferredSuperclasses()
2015.05.15 14:43:18.828 MSK INFO: Postprocess: Process orphan classes (7 classes) ...  -- TriplePostProcessor.processOrphanClses()
2015.05.15 14:43:18.828 MSK INFO: 0 ms
 -- TriplePostProcessor.processOrphanClses()
2015.05.15 14:43:18.828 MSK INFO: Postprocess: Generalized Concept Inclusion (0 axioms) ...  -- TriplePostProcessor.processGeneralizedConceptInclusions()
2015.05.15 14:43:18.828 MSK INFO: 0 ms
 -- TriplePostProcessor.processGeneralizedConceptInclusions()
2015.05.15 14:43:18.828 MSK INFO: Postprocess: Abstract classes...  -- TriplePostProcessor.processAbstractClasses()
2015.05.15 14:43:18.828 MSK INFO: 0 ms
 -- TriplePostProcessor.processAbstractClasses()
2015.05.15 14:43:18.828 MSK INFO: Postprocess: Domain and range of properties...  -- TriplePostProcessor.processDomainAndRange()
2015.05.15 14:43:18.843 MSK INFO: 15 ms
 -- TriplePostProcessor.processDomainAndRange()
2015.05.15 14:43:18.843 MSK INFO: Postprocess: Possibly typed entities (0 resources) ...  -- TriplePostProcessor.processPossiblyTypedResources()
2015.05.15 14:43:18.843 MSK INFO: 0 ms
 -- TriplePostProcessor.processPossiblyTypedResources()
2015.05.15 14:43:18.843 MSK INFO: Updating underlying frames model in 0 ms -- ProtegeOWLParser.doFinalPostProcessing()
2015.05.15 14:43:18.937 MSK WARNING: Invalid frame type: DefaultOWLIndividual(http://www.owl-ontologies.com/JavaInstruments.owl#Ivy of [DefaultOWLNamedClass(http://www.owl-ontologies.com/JavaInstruments.owl#BuildSystemProject)]) -- AbstractRedirectingDispatch.getDirectOwnSlotValues()
2015.05.15 14:44:12.351 MSK INFO: *** SYSTEM START ***
2015.05.15 14:44:12.757 MSK WARNING: [Local Folder Repository] The specified file must be a directory. (C:\Projects\introduction\Ontology-Kurs\plugins\edu.stanford.smi.protegex.owl) -- LocalFolderRepository.update()
2015.05.15 14:44:12.827 MSK INFO: Loading triples from: file:/C:/Users/Administrator/Documents/Сергей/ONTOL/New%20Folder/newOntology.owl -- ProtegeOWLParser.loadTriples()
2015.05.15 14:44:13.061 MSK INFO:     Completed triple loading after 187 ms -- ProtegeOWLParser.loadTriples()
2015.05.15 14:44:13.061 MSK INFO: Postprocess: Process entities with incorrect Java type (0 entities) ...  -- TriplePostProcessor.processFramesWithWrongJavaType()
2015.05.15 14:44:13.061 MSK INFO: 0 ms
 -- TriplePostProcessor.processFramesWithWrongJavaType()
2015.05.15 14:44:13.061 MSK INFO: Postprocess: Process metaclasses (3 metaclasses) ...  -- TriplePostProcessor.processMetaclasses()
2015.05.15 14:44:13.061 MSK INFO: 0 ms
 -- TriplePostProcessor.processMetaclasses()
2015.05.15 14:44:13.061 MSK INFO: Postprocess: Process subclasses of rdf:List (1 classes) ...  -- TriplePostProcessor.processSubclassesOfRdfList()
2015.05.15 14:44:13.061 MSK INFO: 0 ms
 -- TriplePostProcessor.processSubclassesOfRdfList()
2015.05.15 14:44:13.061 MSK INFO: Postprocess: Instances with multiple types (6 instances) ...  -- TriplePostProcessor.processInstancesWithMultipleTypes()
2015.05.15 14:44:13.061 MSK INFO: 0 ms
 -- TriplePostProcessor.processInstancesWithMultipleTypes()
2015.05.15 14:44:13.061 MSK INFO: Postprocess: Add inferred superclasses ...  -- TriplePostProcessor.processInferredSuperclasses()
2015.05.15 14:44:13.061 MSK INFO: 0 ms
 -- TriplePostProcessor.processInferredSuperclasses()
2015.05.15 14:44:13.061 MSK INFO: Postprocess: Process orphan classes (7 classes) ...  -- TriplePostProcessor.processOrphanClses()
2015.05.15 14:44:13.077 MSK INFO: 16 ms
 -- TriplePostProcessor.processOrphanClses()
2015.05.15 14:44:13.077 MSK INFO: Postprocess: Generalized Concept Inclusion (0 axioms) ...  -- TriplePostProcessor.processGeneralizedConceptInclusions()
2015.05.15 14:44:13.077 MSK INFO: 0 ms
 -- TriplePostProcessor.processGeneralizedConceptInclusions()
2015.05.15 14:44:13.077 MSK INFO: Postprocess: Abstract classes...  -- TriplePostProcessor.processAbstractClasses()
2015.05.15 14:44:13.077 MSK INFO: 0 ms
 -- TriplePostProcessor.processAbstractClasses()
2015.05.15 14:44:13.077 MSK INFO: Postprocess: Domain and range of properties...  -- TriplePostProcessor.processDomainAndRange()
2015.05.15 14:44:13.077 MSK INFO: 0 ms
 -- TriplePostProcessor.processDomainAndRange()
2015.05.15 14:44:13.077 MSK INFO: Postprocess: Possibly typed entities (0 resources) ...  -- TriplePostProcessor.processPossiblyTypedResources()
2015.05.15 14:44:13.077 MSK INFO: 0 ms
 -- TriplePostProcessor.processPossiblyTypedResources()
2015.05.15 14:44:13.077 MSK INFO: Updating underlying frames model in 0 ms -- ProtegeOWLParser.doFinalPostProcessing()
2015.05.15 14:46:29.768 MSK INFO: *** SYSTEM START ***
2015.05.15 14:46:30.159 MSK WARNING: [Local Folder Repository] The specified file must be a directory. (C:\Projects\introduction\Ontology-Kurs\plugins\edu.stanford.smi.protegex.owl) -- LocalFolderRepository.update()
2015.05.15 14:46:30.230 MSK INFO: Loading triples from: file:/C:/Users/Administrator/Documents/Сергей/ONTOL/New%20Folder/newOntology.owl -- ProtegeOWLParser.loadTriples()
2015.05.15 14:46:30.448 MSK INFO:     Completed triple loading after 172 ms -- ProtegeOWLParser.loadTriples()
2015.05.15 14:46:30.448 MSK INFO: Postprocess: Process entities with incorrect Java type (0 entities) ...  -- TriplePostProcessor.processFramesWithWrongJavaType()
2015.05.15 14:46:30.448 MSK INFO: 0 ms
 -- TriplePostProcessor.processFramesWithWrongJavaType()
2015.05.15 14:46:30.448 MSK INFO: Postprocess: Process metaclasses (3 metaclasses) ...  -- TriplePostProcessor.processMetaclasses()
2015.05.15 14:46:30.464 MSK INFO: 0 ms
 -- TriplePostProcessor.processMetaclasses()
2015.05.15 14:46:30.464 MSK INFO: Postprocess: Process subclasses of rdf:List (1 classes) ...  -- TriplePostProcessor.processSubclassesOfRdfList()
2015.05.15 14:46:30.464 MSK INFO: 0 ms
 -- TriplePostProcessor.processSubclassesOfRdfList()
2015.05.15 14:46:30.464 MSK INFO: Postprocess: Instances with multiple types (6 instances) ...  -- TriplePostProcessor.processInstancesWithMultipleTypes()
2015.05.15 14:46:30.464 MSK INFO: 0 ms
 -- TriplePostProcessor.processInstancesWithMultipleTypes()
2015.05.15 14:46:30.464 MSK INFO: Postprocess: Add inferred superclasses ...  -- TriplePostProcessor.processInferredSuperclasses()
2015.05.15 14:46:30.464 MSK INFO: 0 ms
 -- TriplePostProcessor.processInferredSuperclasses()
2015.05.15 14:46:30.464 MSK INFO: Postprocess: Process orphan classes (7 classes) ...  -- TriplePostProcessor.processOrphanClses()
2015.05.15 14:46:30.464 MSK INFO: 0 ms
 -- TriplePostProcessor.processOrphanClses()
2015.05.15 14:46:30.464 MSK INFO: Postprocess: Generalized Concept Inclusion (0 axioms) ...  -- TriplePostProcessor.processGeneralizedConceptInclusions()
2015.05.15 14:46:30.464 MSK INFO: 0 ms
 -- TriplePostProcessor.processGeneralizedConceptInclusions()
2015.05.15 14:46:30.464 MSK INFO: Postprocess: Abstract classes...  -- TriplePostProcessor.processAbstractClasses()
2015.05.15 14:46:30.464 MSK INFO: 0 ms
 -- TriplePostProcessor.processAbstractClasses()
2015.05.15 14:46:30.464 MSK INFO: Postprocess: Domain and range of properties...  -- TriplePostProcessor.processDomainAndRange()
2015.05.15 14:46:30.464 MSK INFO: 0 ms
 -- TriplePostProcessor.processDomainAndRange()
2015.05.15 14:46:30.464 MSK INFO: Postprocess: Possibly typed entities (0 resources) ...  -- TriplePostProcessor.processPossiblyTypedResources()
2015.05.15 14:46:30.464 MSK INFO: 0 ms
 -- TriplePostProcessor.processPossiblyTypedResources()
2015.05.15 14:46:30.464 MSK INFO: Updating underlying frames model in 0 ms -- ProtegeOWLParser.doFinalPostProcessing()
2015.05.15 14:47:31.885 MSK WARNING: [Local Folder Repository] The specified file must be a directory. (C:\Projects\introduction\Ontology-Kurs\plugins\edu.stanford.smi.protegex.owl) -- LocalFolderRepository.update()
2015.05.15 14:47:31.885 MSK INFO: Loading triples from: file:/C:/Users/Administrator/Documents/Сергей/ONTOL/New%20Folder/newOntology.owl -- ProtegeOWLParser.loadTriples()
2015.05.15 14:47:31.900 MSK INFO:     Completed triple loading after 15 ms -- ProtegeOWLParser.loadTriples()
2015.05.15 14:47:31.900 MSK INFO: Postprocess: Process entities with incorrect Java type (0 entities) ...  -- TriplePostProcessor.processFramesWithWrongJavaType()
2015.05.15 14:47:31.900 MSK INFO: 0 ms
 -- TriplePostProcessor.processFramesWithWrongJavaType()
2015.05.15 14:47:31.900 MSK INFO: Postprocess: Process metaclasses (3 metaclasses) ...  -- TriplePostProcessor.processMetaclasses()
2015.05.15 14:47:31.900 MSK INFO: 0 ms
 -- TriplePostProcessor.processMetaclasses()
2015.05.15 14:47:31.915 MSK INFO: Postprocess: Process subclasses of rdf:List (1 classes) ...  -- TriplePostProcessor.processSubclassesOfRdfList()
2015.05.15 14:47:31.915 MSK INFO: 0 ms
 -- TriplePostProcessor.processSubclassesOfRdfList()
2015.05.15 14:47:31.915 MSK INFO: Postprocess: Instances with multiple types (6 instances) ...  -- TriplePostProcessor.processInstancesWithMultipleTypes()
2015.05.15 14:47:31.915 MSK INFO: 0 ms
 -- TriplePostProcessor.processInstancesWithMultipleTypes()
2015.05.15 14:47:31.915 MSK INFO: Postprocess: Add inferred superclasses ...  -- TriplePostProcessor.processInferredSuperclasses()
2015.05.15 14:47:31.915 MSK INFO: 0 ms
 -- TriplePostProcessor.processInferredSuperclasses()
2015.05.15 14:47:31.915 MSK INFO: Postprocess: Process orphan classes (7 classes) ...  -- TriplePostProcessor.processOrphanClses()
2015.05.15 14:47:31.915 MSK INFO: 0 ms
 -- TriplePostProcessor.processOrphanClses()
2015.05.15 14:47:31.916 MSK INFO: Postprocess: Generalized Concept Inclusion (0 axioms) ...  -- TriplePostProcessor.processGeneralizedConceptInclusions()
2015.05.15 14:47:31.916 MSK INFO: 0 ms
 -- TriplePostProcessor.processGeneralizedConceptInclusions()
2015.05.15 14:47:31.916 MSK INFO: Postprocess: Abstract classes...  -- TriplePostProcessor.processAbstractClasses()
2015.05.15 14:47:31.916 MSK INFO: 0 ms
 -- TriplePostProcessor.processAbstractClasses()
2015.05.15 14:47:31.916 MSK INFO: Postprocess: Domain and range of properties...  -- TriplePostProcessor.processDomainAndRange()
2015.05.15 14:47:31.917 MSK INFO: 1 ms
 -- TriplePostProcessor.processDomainAndRange()
2015.05.15 14:47:31.917 MSK INFO: Postprocess: Possibly typed entities (0 resources) ...  -- TriplePostProcessor.processPossiblyTypedResources()
2015.05.15 14:47:31.918 MSK INFO: 0 ms
 -- TriplePostProcessor.processPossiblyTypedResources()
2015.05.15 14:47:31.918 MSK INFO: Updating underlying frames model in 0 ms -- ProtegeOWLParser.doFinalPostProcessing()
2015.05.15 15:05:29.586 MSK INFO: *** SYSTEM START ***
2015.05.15 15:05:29.945 MSK WARNING: [Local Folder Repository] The specified file must be a directory. (C:\Projects\introduction\Ontology-Kurs\plugins\edu.stanford.smi.protegex.owl) -- LocalFolderRepository.update()
2015.05.15 15:05:30.012 MSK INFO: Loading triples from: file:/C:/Users/Administrator/Documents/Сергей/ONTOL/New%20Folder/newOntology.owl -- ProtegeOWLParser.loadTriples()
2015.05.15 15:05:30.199 MSK INFO:     Completed triple loading after 156 ms -- ProtegeOWLParser.loadTriples()
2015.05.15 15:05:30.199 MSK INFO: Postprocess: Process entities with incorrect Java type (0 entities) ...  -- TriplePostProcessor.processFramesWithWrongJavaType()
2015.05.15 15:05:30.199 MSK INFO: 0 ms
 -- TriplePostProcessor.processFramesWithWrongJavaType()
2015.05.15 15:05:30.199 MSK INFO: Postprocess: Process metaclasses (3 metaclasses) ...  -- TriplePostProcessor.processMetaclasses()
2015.05.15 15:05:30.199 MSK INFO: 0 ms
 -- TriplePostProcessor.processMetaclasses()
2015.05.15 15:05:30.199 MSK INFO: Postprocess: Process subclasses of rdf:List (1 classes) ...  -- TriplePostProcessor.processSubclassesOfRdfList()
2015.05.15 15:05:30.199 MSK INFO: 0 ms
 -- TriplePostProcessor.processSubclassesOfRdfList()
2015.05.15 15:05:30.199 MSK INFO: Postprocess: Instances with multiple types (6 instances) ...  -- TriplePostProcessor.processInstancesWithMultipleTypes()
2015.05.15 15:05:30.199 MSK INFO: 0 ms
 -- TriplePostProcessor.processInstancesWithMultipleTypes()
2015.05.15 15:05:30.199 MSK INFO: Postprocess: Add inferred superclasses ...  -- TriplePostProcessor.processInferredSuperclasses()
2015.05.15 15:05:30.199 MSK INFO: 0 ms
 -- TriplePostProcessor.processInferredSuperclasses()
2015.05.15 15:05:30.199 MSK INFO: Postprocess: Process orphan classes (7 classes) ...  -- TriplePostProcessor.processOrphanClses()
2015.05.15 15:05:30.199 MSK INFO: 0 ms
 -- TriplePostProcessor.processOrphanClses()
2015.05.15 15:05:30.199 MSK INFO: Postprocess: Generalized Concept Inclusion (0 axioms) ...  -- TriplePostProcessor.processGeneralizedConceptInclusions()
2015.05.15 15:05:30.215 MSK INFO: 16 ms
 -- TriplePostProcessor.processGeneralizedConceptInclusions()
2015.05.15 15:05:30.215 MSK INFO: Postprocess: Abstract classes...  -- TriplePostProcessor.processAbstractClasses()
2015.05.15 15:05:30.215 MSK INFO: 0 ms
 -- TriplePostProcessor.processAbstractClasses()
2015.05.15 15:05:30.215 MSK INFO: Postprocess: Domain and range of properties...  -- TriplePostProcessor.processDomainAndRange()
2015.05.15 15:05:30.215 MSK INFO: 0 ms
 -- TriplePostProcessor.processDomainAndRange()
2015.05.15 15:05:30.215 MSK INFO: Postprocess: Possibly typed entities (0 resources) ...  -- TriplePostProcessor.processPossiblyTypedResources()
2015.05.15 15:05:30.215 MSK INFO: 0 ms
 -- TriplePostProcessor.processPossiblyTypedResources()
2015.05.15 15:05:30.215 MSK INFO: Updating underlying frames model in 0 ms -- ProtegeOWLParser.doFinalPostProcessing()
2015.05.15 15:05:30.309 MSK WARNING: Invalid frame type: DefaultOWLIndividual(http://www.owl-ontologies.com/JavaInstruments.owl#Ivy of [DefaultOWLNamedClass(http://www.owl-ontologies.com/JavaInstruments.owl#BuildSystemProject)]) -- AbstractRedirectingDispatch.getDirectOwnSlotValues()
2015.05.15 15:06:05.383 MSK INFO: *** SYSTEM START ***
2015.05.15 15:06:05.774 MSK WARNING: [Local Folder Repository] The specified file must be a directory. (C:\Projects\introduction\Ontology-Kurs\plugins\edu.stanford.smi.protegex.owl) -- LocalFolderRepository.update()
2015.05.15 15:06:05.843 MSK INFO: Loading triples from: file:/C:/Users/Administrator/Documents/Сергей/ONTOL/New%20Folder/newOntology.owl -- ProtegeOWLParser.loadTriples()
2015.05.15 15:06:06.062 MSK INFO:     Completed triple loading after 172 ms -- ProtegeOWLParser.loadTriples()
2015.05.15 15:06:06.077 MSK INFO: Postprocess: Process entities with incorrect Java type (0 entities) ...  -- TriplePostProcessor.processFramesWithWrongJavaType()
2015.05.15 15:06:06.077 MSK INFO: 0 ms
 -- TriplePostProcessor.processFramesWithWrongJavaType()
2015.05.15 15:06:06.077 MSK INFO: Postprocess: Process metaclasses (3 metaclasses) ...  -- TriplePostProcessor.processMetaclasses()
2015.05.15 15:06:06.077 MSK INFO: 0 ms
 -- TriplePostProcessor.processMetaclasses()
2015.05.15 15:06:06.077 MSK INFO: Postprocess: Process subclasses of rdf:List (1 classes) ...  -- TriplePostProcessor.processSubclassesOfRdfList()
2015.05.15 15:06:06.077 MSK INFO: 0 ms
 -- TriplePostProcessor.processSubclassesOfRdfList()
2015.05.15 15:06:06.077 MSK INFO: Postprocess: Instances with multiple types (6 instances) ...  -- TriplePostProcessor.processInstancesWithMultipleTypes()
2015.05.15 15:06:06.077 MSK INFO: 0 ms
 -- TriplePostProcessor.processInstancesWithMultipleTypes()
2015.05.15 15:06:06.077 MSK INFO: Postprocess: Add inferred superclasses ...  -- TriplePostProcessor.processInferredSuperclasses()
2015.05.15 15:06:06.077 MSK INFO: 0 ms
 -- TriplePostProcessor.processInferredSuperclasses()
2015.05.15 15:06:06.077 MSK INFO: Postprocess: Process orphan classes (7 classes) ...  -- TriplePostProcessor.processOrphanClses()
2015.05.15 15:06:06.077 MSK INFO: 0 ms
 -- TriplePostProcessor.processOrphanClses()
2015.05.15 15:06:06.077 MSK INFO: Postprocess: Generalized Concept Inclusion (0 axioms) ...  -- TriplePostProcessor.processGeneralizedConceptInclusions()
2015.05.15 15:06:06.077 MSK INFO: 0 ms
 -- TriplePostProcessor.processGeneralizedConceptInclusions()
2015.05.15 15:06:06.077 MSK INFO: Postprocess: Abstract classes...  -- TriplePostProcessor.processAbstractClasses()
2015.05.15 15:06:06.077 MSK INFO: 0 ms
 -- TriplePostProcessor.processAbstractClasses()
2015.05.15 15:06:06.077 MSK INFO: Postprocess: Domain and range of properties...  -- TriplePostProcessor.processDomainAndRange()
2015.05.15 15:06:06.077 MSK INFO: 0 ms
 -- TriplePostProcessor.processDomainAndRange()
2015.05.15 15:06:06.077 MSK INFO: Postprocess: Possibly typed entities (0 resources) ...  -- TriplePostProcessor.processPossiblyTypedResources()
2015.05.15 15:06:06.077 MSK INFO: 0 ms
 -- TriplePostProcessor.processPossiblyTypedResources()
2015.05.15 15:06:06.077 MSK INFO: Updating underlying frames model in 0 ms -- ProtegeOWLParser.doFinalPostProcessing()
2015.05.15 15:06:46.928 MSK INFO: *** SYSTEM START ***
2015.05.15 15:06:47.318 MSK WARNING: [Local Folder Repository] The specified file must be a directory. (C:\Projects\introduction\Ontology-Kurs\plugins\edu.stanford.smi.protegex.owl) -- LocalFolderRepository.update()
2015.05.15 15:06:47.396 MSK INFO: Loading triples from: file:/C:/Users/Administrator/Documents/Сергей/ONTOL/New%20Folder/newOntology.owl -- ProtegeOWLParser.loadTriples()
2015.05.15 15:06:47.615 MSK INFO:     Completed triple loading after 172 ms -- ProtegeOWLParser.loadTriples()
2015.05.15 15:06:47.615 MSK INFO: Postprocess: Process entities with incorrect Java type (0 entities) ...  -- TriplePostProcessor.processFramesWithWrongJavaType()
2015.05.15 15:06:47.615 MSK INFO: 0 ms
 -- TriplePostProcessor.processFramesWithWrongJavaType()
2015.05.15 15:06:47.615 MSK INFO: Postprocess: Process metaclasses (3 metaclasses) ...  -- TriplePostProcessor.processMetaclasses()
2015.05.15 15:06:47.615 MSK INFO: 0 ms
 -- TriplePostProcessor.processMetaclasses()
2015.05.15 15:06:47.615 MSK INFO: Postprocess: Process subclasses of rdf:List (1 classes) ...  -- TriplePostProcessor.processSubclassesOfRdfList()
2015.05.15 15:06:47.615 MSK INFO: 0 ms
 -- TriplePostProcessor.processSubclassesOfRdfList()
2015.05.15 15:06:47.615 MSK INFO: Postprocess: Instances with multiple types (6 instances) ...  -- TriplePostProcessor.processInstancesWithMultipleTypes()
2015.05.15 15:06:47.615 MSK INFO: 0 ms
 -- TriplePostProcessor.processInstancesWithMultipleTypes()
2015.05.15 15:06:47.615 MSK INFO: Postprocess: Add inferred superclasses ...  -- TriplePostProcessor.processInferredSuperclasses()
2015.05.15 15:06:47.615 MSK INFO: 0 ms
 -- TriplePostProcessor.processInferredSuperclasses()
2015.05.15 15:06:47.631 MSK INFO: Postprocess: Process orphan classes (7 classes) ...  -- TriplePostProcessor.processOrphanClses()
2015.05.15 15:06:47.631 MSK INFO: 0 ms
 -- TriplePostProcessor.processOrphanClses()
2015.05.15 15:06:47.631 MSK INFO: Postprocess: Generalized Concept Inclusion (0 axioms) ...  -- TriplePostProcessor.processGeneralizedConceptInclusions()
2015.05.15 15:06:47.631 MSK INFO: 0 ms
 -- TriplePostProcessor.processGeneralizedConceptInclusions()
2015.05.15 15:06:47.631 MSK INFO: Postprocess: Abstract classes...  -- TriplePostProcessor.processAbstractClasses()
2015.05.15 15:06:47.631 MSK INFO: 0 ms
 -- TriplePostProcessor.processAbstractClasses()
2015.05.15 15:06:47.631 MSK INFO: Postprocess: Domain and range of properties...  -- TriplePostProcessor.processDomainAndRange()
2015.05.15 15:06:47.631 MSK INFO: 0 ms
 -- TriplePostProcessor.processDomainAndRange()
2015.05.15 15:06:47.631 MSK INFO: Postprocess: Possibly typed entities (0 resources) ...  -- TriplePostProcessor.processPossiblyTypedResources()
2015.05.15 15:06:47.631 MSK INFO: 0 ms
 -- TriplePostProcessor.processPossiblyTypedResources()
2015.05.15 15:06:47.631 MSK INFO: Updating underlying frames model in 0 ms -- ProtegeOWLParser.doFinalPostProcessing()
2015.05.15 15:09:35.422 MSK INFO: *** SYSTEM START ***
2015.05.15 15:09:35.813 MSK WARNING: [Local Folder Repository] The specified file must be a directory. (C:\Projects\introduction\Ontology-Kurs\plugins\edu.stanford.smi.protegex.owl) -- LocalFolderRepository.update()
2015.05.15 15:09:35.884 MSK INFO: Loading triples from: file:/C:/Users/Administrator/Documents/Сергей/ONTOL/New%20Folder/newOntology.owl -- ProtegeOWLParser.loadTriples()
2015.05.15 15:09:36.103 MSK INFO:     Completed triple loading after 172 ms -- ProtegeOWLParser.loadTriples()
2015.05.15 15:09:36.118 MSK INFO: Postprocess: Process entities with incorrect Java type (0 entities) ...  -- TriplePostProcessor.processFramesWithWrongJavaType()
2015.05.15 15:09:36.118 MSK INFO: 0 ms
 -- TriplePostProcessor.processFramesWithWrongJavaType()
2015.05.15 15:09:36.118 MSK INFO: Postprocess: Process metaclasses (3 metaclasses) ...  -- TriplePostProcessor.processMetaclasses()
2015.05.15 15:09:36.118 MSK INFO: 0 ms
 -- TriplePostProcessor.processMetaclasses()
2015.05.15 15:09:36.118 MSK INFO: Postprocess: Process subclasses of rdf:List (1 classes) ...  -- TriplePostProcessor.processSubclassesOfRdfList()
2015.05.15 15:09:36.118 MSK INFO: 0 ms
 -- TriplePostProcessor.processSubclassesOfRdfList()
2015.05.15 15:09:36.118 MSK INFO: Postprocess: Instances with multiple types (6 instances) ...  -- TriplePostProcessor.processInstancesWithMultipleTypes()
2015.05.15 15:09:36.118 MSK INFO: 0 ms
 -- TriplePostProcessor.processInstancesWithMultipleTypes()
2015.05.15 15:09:36.118 MSK INFO: Postprocess: Add inferred superclasses ...  -- TriplePostProcessor.processInferredSuperclasses()
2015.05.15 15:09:36.118 MSK INFO: 0 ms
 -- TriplePostProcessor.processInferredSuperclasses()
2015.05.15 15:09:36.118 MSK INFO: Postprocess: Process orphan classes (7 classes) ...  -- TriplePostProcessor.processOrphanClses()
2015.05.15 15:09:36.118 MSK INFO: 0 ms
 -- TriplePostProcessor.processOrphanClses()
2015.05.15 15:09:36.118 MSK INFO: Postprocess: Generalized Concept Inclusion (0 axioms) ...  -- TriplePostProcessor.processGeneralizedConceptInclusions()
2015.05.15 15:09:36.118 MSK INFO: 0 ms
 -- TriplePostProcessor.processGeneralizedConceptInclusions()
2015.05.15 15:09:36.118 MSK INFO: Postprocess: Abstract classes...  -- TriplePostProcessor.processAbstractClasses()
2015.05.15 15:09:36.118 MSK INFO: 0 ms
 -- TriplePostProcessor.processAbstractClasses()
2015.05.15 15:09:36.118 MSK INFO: Postprocess: Domain and range of properties...  -- TriplePostProcessor.processDomainAndRange()
2015.05.15 15:09:36.118 MSK INFO: 0 ms
 -- TriplePostProcessor.processDomainAndRange()
2015.05.15 15:09:36.118 MSK INFO: Postprocess: Possibly typed entities (0 resources) ...  -- TriplePostProcessor.processPossiblyTypedResources()
2015.05.15 15:09:36.118 MSK INFO: 0 ms
 -- TriplePostProcessor.processPossiblyTypedResources()
2015.05.15 15:09:36.118 MSK INFO: Updating underlying frames model in 0 ms -- ProtegeOWLParser.doFinalPostProcessing()
2015.05.15 15:10:07.323 MSK WARNING: Invalid frame type: DefaultOWLIndividual(http://www.owl-ontologies.com/JavaInstruments.owl#Ivy of [DefaultOWLNamedClass(http://www.owl-ontologies.com/JavaInstruments.owl#BuildSystemProject)]) -- AbstractRedirectingDispatch.getDirectOwnSlotValues()
2015.05.15 15:11:05.228 MSK INFO: *** SYSTEM START ***
2015.05.15 15:11:05.619 MSK WARNING: [Local Folder Repository] The specified file must be a directory. (C:\Projects\introduction\Ontology-Kurs\plugins\edu.stanford.smi.protegex.owl) -- LocalFolderRepository.update()
2015.05.15 15:11:05.691 MSK INFO: Loading triples from: file:/C:/Users/Administrator/Documents/Сергей/ONTOL/New%20Folder/newOntology.owl -- ProtegeOWLParser.loadTriples()
2015.05.15 15:11:05.926 MSK INFO:     Completed triple loading after 172 ms -- ProtegeOWLParser.loadTriples()
2015.05.15 15:11:05.926 MSK INFO: Postprocess: Process entities with incorrect Java type (0 entities) ...  -- TriplePostProcessor.processFramesWithWrongJavaType()
2015.05.15 15:11:05.926 MSK INFO: 0 ms
 -- TriplePostProcessor.processFramesWithWrongJavaType()
2015.05.15 15:11:05.926 MSK INFO: Postprocess: Process metaclasses (3 metaclasses) ...  -- TriplePostProcessor.processMetaclasses()
2015.05.15 15:11:05.926 MSK INFO: 0 ms
 -- TriplePostProcessor.processMetaclasses()
2015.05.15 15:11:05.926 MSK INFO: Postprocess: Process subclasses of rdf:List (1 classes) ...  -- TriplePostProcessor.processSubclassesOfRdfList()
2015.05.15 15:11:05.926 MSK INFO: 0 ms
 -- TriplePostProcessor.processSubclassesOfRdfList()
2015.05.15 15:11:05.926 MSK INFO: Postprocess: Instances with multiple types (6 instances) ...  -- TriplePostProcessor.processInstancesWithMultipleTypes()
2015.05.15 15:11:05.926 MSK INFO: 0 ms
 -- TriplePostProcessor.processInstancesWithMultipleTypes()
2015.05.15 15:11:05.926 MSK INFO: Postprocess: Add inferred superclasses ...  -- TriplePostProcessor.processInferredSuperclasses()
2015.05.15 15:11:05.926 MSK INFO: 0 ms
 -- TriplePostProcessor.processInferredSuperclasses()
2015.05.15 15:11:05.926 MSK INFO: Postprocess: Process orphan classes (7 classes) ...  -- TriplePostProcessor.processOrphanClses()
2015.05.15 15:11:05.926 MSK INFO: 0 ms
 -- TriplePostProcessor.processOrphanClses()
2015.05.15 15:11:05.926 MSK INFO: Postprocess: Generalized Concept Inclusion (0 axioms) ...  -- TriplePostProcessor.processGeneralizedConceptInclusions()
2015.05.15 15:11:05.941 MSK INFO: 15 ms
 -- TriplePostProcessor.processGeneralizedConceptInclusions()
2015.05.15 15:11:05.941 MSK INFO: Postprocess: Abstract classes...  -- TriplePostProcessor.processAbstractClasses()
2015.05.15 15:11:05.941 MSK INFO: 0 ms
 -- TriplePostProcessor.processAbstractClasses()
2015.05.15 15:11:05.941 MSK INFO: Postprocess: Domain and range of properties...  -- TriplePostProcessor.processDomainAndRange()
2015.05.15 15:11:05.941 MSK INFO: 0 ms
 -- TriplePostProcessor.processDomainAndRange()
2015.05.15 15:11:05.941 MSK INFO: Postprocess: Possibly typed entities (0 resources) ...  -- TriplePostProcessor.processPossiblyTypedResources()
2015.05.15 15:11:05.941 MSK INFO: 0 ms
 -- TriplePostProcessor.processPossiblyTypedResources()
2015.05.15 15:11:05.941 MSK INFO: Updating underlying frames model in 0 ms -- ProtegeOWLParser.doFinalPostProcessing()
2015.05.15 15:11:30.308 MSK WARNING: Invalid frame type: DefaultOWLIndividual(http://www.owl-ontologies.com/JavaInstruments.owl#JFX of [DefaultOWLNamedClass(http://www.owl-ontologies.com/JavaInstruments.owl#GUILib)]) -- AbstractRedirectingDispatch.getDirectOwnSlotValues()
2015.05.15 15:11:52.623 MSK INFO: *** SYSTEM START ***
2015.05.15 15:11:53.013 MSK WARNING: [Local Folder Repository] The specified file must be a directory. (C:\Projects\introduction\Ontology-Kurs\plugins\edu.stanford.smi.protegex.owl) -- LocalFolderRepository.update()
2015.05.15 15:11:53.093 MSK INFO: Loading triples from: file:/C:/Users/Administrator/Documents/Сергей/ONTOL/New%20Folder/newOntology.owl -- ProtegeOWLParser.loadTriples()
2015.05.15 15:11:53.312 MSK INFO:     Completed triple loading after 172 ms -- ProtegeOWLParser.loadTriples()
2015.05.15 15:11:53.327 MSK INFO: Postprocess: Process entities with incorrect Java type (0 entities) ...  -- TriplePostProcessor.processFramesWithWrongJavaType()
2015.05.15 15:11:53.327 MSK INFO: 0 ms
 -- TriplePostProcessor.processFramesWithWrongJavaType()
2015.05.15 15:11:53.327 MSK INFO: Postprocess: Process metaclasses (3 metaclasses) ...  -- TriplePostProcessor.processMetaclasses()
2015.05.15 15:11:53.327 MSK INFO: 0 ms
 -- TriplePostProcessor.processMetaclasses()
2015.05.15 15:11:53.327 MSK INFO: Postprocess: Process subclasses of rdf:List (1 classes) ...  -- TriplePostProcessor.processSubclassesOfRdfList()
2015.05.15 15:11:53.327 MSK INFO: 0 ms
 -- TriplePostProcessor.processSubclassesOfRdfList()
2015.05.15 15:11:53.327 MSK INFO: Postprocess: Instances with multiple types (6 instances) ...  -- TriplePostProcessor.processInstancesWithMultipleTypes()
2015.05.15 15:11:53.327 MSK INFO: 0 ms
 -- TriplePostProcessor.processInstancesWithMultipleTypes()
2015.05.15 15:11:53.327 MSK INFO: Postprocess: Add inferred superclasses ...  -- TriplePostProcessor.processInferredSuperclasses()
2015.05.15 15:11:53.327 MSK INFO: 0 ms
 -- TriplePostProcessor.processInferredSuperclasses()
2015.05.15 15:11:53.327 MSK INFO: Postprocess: Process orphan classes (7 classes) ...  -- TriplePostProcessor.processOrphanClses()
2015.05.15 15:11:53.327 MSK INFO: 0 ms
 -- TriplePostProcessor.processOrphanClses()
2015.05.15 15:11:53.327 MSK INFO: Postprocess: Generalized Concept Inclusion (0 axioms) ...  -- TriplePostProcessor.processGeneralizedConceptInclusions()
2015.05.15 15:11:53.327 MSK INFO: 0 ms
 -- TriplePostProcessor.processGeneralizedConceptInclusions()
2015.05.15 15:11:53.327 MSK INFO: Postprocess: Abstract classes...  -- TriplePostProcessor.processAbstractClasses()
2015.05.15 15:11:53.327 MSK INFO: 0 ms
 -- TriplePostProcessor.processAbstractClasses()
2015.05.15 15:11:53.327 MSK INFO: Postprocess: Domain and range of properties...  -- TriplePostProcessor.processDomainAndRange()
2015.05.15 15:11:53.327 MSK INFO: 0 ms
 -- TriplePostProcessor.processDomainAndRange()
2015.05.15 15:11:53.327 MSK INFO: Postprocess: Possibly typed entities (0 resources) ...  -- TriplePostProcessor.processPossiblyTypedResources()
2015.05.15 15:11:53.327 MSK INFO: 0 ms
 -- TriplePostProcessor.processPossiblyTypedResources()
2015.05.15 15:11:53.327 MSK INFO: Updating underlying frames model in 0 ms -- ProtegeOWLParser.doFinalPostProcessing()
2015.05.15 15:12:06.050 MSK WARNING: Invalid frame type: DefaultOWLIndividual(http://www.owl-ontologies.com/JavaInstruments.owl#Ivy of [DefaultOWLNamedClass(http://www.owl-ontologies.com/JavaInstruments.owl#BuildSystemProject)]) -- AbstractRedirectingDispatch.getDirectOwnSlotValues()
2015.05.15 15:13:25.210 MSK INFO: *** SYSTEM START ***
2015.05.15 15:13:25.569 MSK WARNING: [Local Folder Repository] The specified file must be a directory. (C:\Projects\introduction\Ontology-Kurs\plugins\edu.stanford.smi.protegex.owl) -- LocalFolderRepository.update()
2015.05.15 15:13:25.638 MSK INFO: Loading triples from: file:/C:/Users/Administrator/Documents/Сергей/ONTOL/New%20Folder/newOntology.owl -- ProtegeOWLParser.loadTriples()
2015.05.15 15:13:25.825 MSK INFO:     Completed triple loading after 156 ms -- ProtegeOWLParser.loadTriples()
2015.05.15 15:13:25.825 MSK INFO: Postprocess: Process entities with incorrect Java type (0 entities) ...  -- TriplePostProcessor.processFramesWithWrongJavaType()
2015.05.15 15:13:25.825 MSK INFO: 0 ms
 -- TriplePostProcessor.processFramesWithWrongJavaType()
2015.05.15 15:13:25.825 MSK INFO: Postprocess: Process metaclasses (3 metaclasses) ...  -- TriplePostProcessor.processMetaclasses()
2015.05.15 15:13:25.825 MSK INFO: 0 ms
 -- TriplePostProcessor.processMetaclasses()
2015.05.15 15:13:25.825 MSK INFO: Postprocess: Process subclasses of rdf:List (1 classes) ...  -- TriplePostProcessor.processSubclassesOfRdfList()
2015.05.15 15:13:25.825 MSK INFO: 0 ms
 -- TriplePostProcessor.processSubclassesOfRdfList()
2015.05.15 15:13:25.825 MSK INFO: Postprocess: Instances with multiple types (6 instances) ...  -- TriplePostProcessor.processInstancesWithMultipleTypes()
2015.05.15 15:13:25.825 MSK INFO: 0 ms
 -- TriplePostProcessor.processInstancesWithMultipleTypes()
2015.05.15 15:13:25.825 MSK INFO: Postprocess: Add inferred superclasses ...  -- TriplePostProcessor.processInferredSuperclasses()
2015.05.15 15:13:25.825 MSK INFO: 0 ms
 -- TriplePostProcessor.processInferredSuperclasses()
2015.05.15 15:13:25.825 MSK INFO: Postprocess: Process orphan classes (7 classes) ...  -- TriplePostProcessor.processOrphanClses()
2015.05.15 15:13:25.825 MSK INFO: 0 ms
 -- TriplePostProcessor.processOrphanClses()
2015.05.15 15:13:25.825 MSK INFO: Postprocess: Generalized Concept Inclusion (0 axioms) ...  -- TriplePostProcessor.processGeneralizedConceptInclusions()
2015.05.15 15:13:25.841 MSK INFO: 16 ms
 -- TriplePostProcessor.processGeneralizedConceptInclusions()
2015.05.15 15:13:25.841 MSK INFO: Postprocess: Abstract classes...  -- TriplePostProcessor.processAbstractClasses()
2015.05.15 15:13:25.841 MSK INFO: 0 ms
 -- TriplePostProcessor.processAbstractClasses()
2015.05.15 15:13:25.841 MSK INFO: Postprocess: Domain and range of properties...  -- TriplePostProcessor.processDomainAndRange()
2015.05.15 15:13:25.841 MSK INFO: 0 ms
 -- TriplePostProcessor.processDomainAndRange()
2015.05.15 15:13:25.841 MSK INFO: Postprocess: Possibly typed entities (0 resources) ...  -- TriplePostProcessor.processPossiblyTypedResources()
2015.05.15 15:13:25.841 MSK INFO: 0 ms
 -- TriplePostProcessor.processPossiblyTypedResources()
2015.05.15 15:13:25.841 MSK INFO: Updating underlying frames model in 0 ms -- ProtegeOWLParser.doFinalPostProcessing()
2015.05.15 15:13:40.728 MSK WARNING: [Local Folder Repository] The specified file must be a directory. (C:\Projects\introduction\Ontology-Kurs\plugins\edu.stanford.smi.protegex.owl) -- LocalFolderRepository.update()
2015.05.15 15:13:40.799 MSK INFO: Rule engine 'SWRLJessBridge' registered with the SWRLTab bridge. -- BridgeFactory.registerBridge()
2015.05.15 15:18:53.124 MSK INFO: *** SYSTEM START ***
2015.05.15 15:18:53.468 MSK WARNING: [Local Folder Repository] The specified file must be a directory. (C:\Projects\introduction\Ontology-Kurs\plugins\edu.stanford.smi.protegex.owl) -- LocalFolderRepository.update()
2015.05.15 15:18:53.542 MSK INFO: Loading triples from: file:/C:/Users/Administrator/Documents/Сергей/ONTOL/New%20Folder/newOntology.owl -- ProtegeOWLParser.loadTriples()
2015.05.15 15:18:53.741 MSK INFO:     Completed triple loading after 152 ms -- ProtegeOWLParser.loadTriples()
2015.05.15 15:18:53.741 MSK INFO: Postprocess: Process entities with incorrect Java type (0 entities) ...  -- TriplePostProcessor.processFramesWithWrongJavaType()
2015.05.15 15:18:53.741 MSK INFO: 0 ms
 -- TriplePostProcessor.processFramesWithWrongJavaType()
2015.05.15 15:18:53.741 MSK INFO: Postprocess: Process metaclasses (3 metaclasses) ...  -- TriplePostProcessor.processMetaclasses()
2015.05.15 15:18:53.757 MSK INFO: 16 ms
 -- TriplePostProcessor.processMetaclasses()
2015.05.15 15:18:53.757 MSK INFO: Postprocess: Process subclasses of rdf:List (1 classes) ...  -- TriplePostProcessor.processSubclassesOfRdfList()
2015.05.15 15:18:53.757 MSK INFO: 0 ms
 -- TriplePostProcessor.processSubclassesOfRdfList()
2015.05.15 15:18:53.757 MSK INFO: Postprocess: Instances with multiple types (6 instances) ...  -- TriplePostProcessor.processInstancesWithMultipleTypes()
2015.05.15 15:18:53.757 MSK INFO: 0 ms
 -- TriplePostProcessor.processInstancesWithMultipleTypes()
2015.05.15 15:18:53.757 MSK INFO: Postprocess: Add inferred superclasses ...  -- TriplePostProcessor.processInferredSuperclasses()
2015.05.15 15:18:53.757 MSK INFO: 0 ms
 -- TriplePostProcessor.processInferredSuperclasses()
2015.05.15 15:18:53.757 MSK INFO: Postprocess: Process orphan classes (7 classes) ...  -- TriplePostProcessor.processOrphanClses()
2015.05.15 15:18:53.757 MSK INFO: 0 ms
 -- TriplePostProcessor.processOrphanClses()
2015.05.15 15:18:53.757 MSK INFO: Postprocess: Generalized Concept Inclusion (0 axioms) ...  -- TriplePostProcessor.processGeneralizedConceptInclusions()
2015.05.15 15:18:53.757 MSK INFO: 0 ms
 -- TriplePostProcessor.processGeneralizedConceptInclusions()
2015.05.15 15:18:53.757 MSK INFO: Postprocess: Abstract classes...  -- TriplePostProcessor.processAbstractClasses()
2015.05.15 15:18:53.757 MSK INFO: 0 ms
 -- TriplePostProcessor.processAbstractClasses()
2015.05.15 15:18:53.757 MSK INFO: Postprocess: Domain and range of properties...  -- TriplePostProcessor.processDomainAndRange()
2015.05.15 15:18:53.757 MSK INFO: 0 ms
 -- TriplePostProcessor.processDomainAndRange()
2015.05.15 15:18:53.757 MSK INFO: Postprocess: Possibly typed entities (0 resources) ...  -- TriplePostProcessor.processPossiblyTypedResources()
2015.05.15 15:18:53.757 MSK INFO: 0 ms
 -- TriplePostProcessor.processPossiblyTypedResources()
2015.05.15 15:18:53.757 MSK INFO: Updating underlying frames model in 0 ms -- ProtegeOWLParser.doFinalPostProcessing()
2015.05.15 15:19:08.273 MSK WARNING: [Local Folder Repository] The specified file must be a directory. (C:\Projects\introduction\Ontology-Kurs\plugins\edu.stanford.smi.protegex.owl) -- LocalFolderRepository.update()
2015.05.15 15:20:05.940 MSK WARNING: [Local Folder Repository] The specified file must be a directory. (C:\Projects\introduction\Ontology-Kurs\plugins\edu.stanford.smi.protegex.owl) -- LocalFolderRepository.update()
2015.05.15 15:21:23.732 MSK INFO: *** SYSTEM START ***
2015.05.15 15:21:24.091 MSK WARNING: [Local Folder Repository] The specified file must be a directory. (C:\Projects\introduction\Ontology-Kurs\plugins\edu.stanford.smi.protegex.owl) -- LocalFolderRepository.update()
2015.05.15 15:21:24.160 MSK INFO: Loading triples from: file:/C:/Users/Administrator/Documents/Сергей/ONTOL/New%20Folder/newOntology.owl -- ProtegeOWLParser.loadTriples()
2015.05.15 15:21:24.348 MSK INFO:     Completed triple loading after 157 ms -- ProtegeOWLParser.loadTriples()
2015.05.15 15:21:24.348 MSK INFO: Postprocess: Process entities with incorrect Java type (0 entities) ...  -- TriplePostProcessor.processFramesWithWrongJavaType()
2015.05.15 15:21:24.348 MSK INFO: 0 ms
 -- TriplePostProcessor.processFramesWithWrongJavaType()
2015.05.15 15:21:24.348 MSK INFO: Postprocess: Process metaclasses (3 metaclasses) ...  -- TriplePostProcessor.processMetaclasses()
2015.05.15 15:21:24.348 MSK INFO: 0 ms
 -- TriplePostProcessor.processMetaclasses()
2015.05.15 15:21:24.348 MSK INFO: Postprocess: Process subclasses of rdf:List (1 classes) ...  -- TriplePostProcessor.processSubclassesOfRdfList()
2015.05.15 15:21:24.348 MSK INFO: 0 ms
 -- TriplePostProcessor.processSubclassesOfRdfList()
2015.05.15 15:21:24.348 MSK INFO: Postprocess: Instances with multiple types (6 instances) ...  -- TriplePostProcessor.processInstancesWithMultipleTypes()
2015.05.15 15:21:24.348 MSK INFO: 0 ms
 -- TriplePostProcessor.processInstancesWithMultipleTypes()
2015.05.15 15:21:24.348 MSK INFO: Postprocess: Add inferred superclasses ...  -- TriplePostProcessor.processInferredSuperclasses()
2015.05.15 15:21:24.348 MSK INFO: 0 ms
 -- TriplePostProcessor.processInferredSuperclasses()
2015.05.15 15:21:24.348 MSK INFO: Postprocess: Process orphan classes (7 classes) ...  -- TriplePostProcessor.processOrphanClses()
2015.05.15 15:21:24.348 MSK INFO: 0 ms
 -- TriplePostProcessor.processOrphanClses()
2015.05.15 15:21:24.348 MSK INFO: Postprocess: Generalized Concept Inclusion (0 axioms) ...  -- TriplePostProcessor.processGeneralizedConceptInclusions()
2015.05.15 15:21:24.363 MSK INFO: 15 ms
 -- TriplePostProcessor.processGeneralizedConceptInclusions()
2015.05.15 15:21:24.363 MSK INFO: Postprocess: Abstract classes...  -- TriplePostProcessor.processAbstractClasses()
2015.05.15 15:21:24.363 MSK INFO: 0 ms
 -- TriplePostProcessor.processAbstractClasses()
2015.05.15 15:21:24.363 MSK INFO: Postprocess: Domain and range of properties...  -- TriplePostProcessor.processDomainAndRange()
2015.05.15 15:21:24.363 MSK INFO: 0 ms
 -- TriplePostProcessor.processDomainAndRange()
2015.05.15 15:21:24.363 MSK INFO: Postprocess: Possibly typed entities (0 resources) ...  -- TriplePostProcessor.processPossiblyTypedResources()
2015.05.15 15:21:24.363 MSK INFO: 0 ms
 -- TriplePostProcessor.processPossiblyTypedResources()
2015.05.15 15:21:24.363 MSK INFO: Updating underlying frames model in 0 ms -- ProtegeOWLParser.doFinalPostProcessing()
2015.05.15 15:21:45.205 MSK WARNING: [Local Folder Repository] The specified file must be a directory. (C:\Projects\introduction\Ontology-Kurs\plugins\edu.stanford.smi.protegex.owl) -- LocalFolderRepository.update()
2015.05.15 15:21:45.397 MSK INFO: ... saving successful to: C:\Users\Administrator\Documents\Сергей\ONTOL\New Folder\newOntology.owl -- Protege2Jena.saveAll()
2015.05.15 15:21:59.198 MSK INFO: *** SYSTEM START ***
2015.05.15 15:21:59.542 MSK WARNING: [Local Folder Repository] The specified file must be a directory. (C:\Projects\introduction\Ontology-Kurs\plugins\edu.stanford.smi.protegex.owl) -- LocalFolderRepository.update()
2015.05.15 15:21:59.619 MSK INFO: Loading triples from: file:/C:/Users/Administrator/Documents/Сергей/ONTOL/New%20Folder/newOntology.owl -- ProtegeOWLParser.loadTriples()
2015.05.15 15:21:59.806 MSK INFO:     Completed triple loading after 140 ms -- ProtegeOWLParser.loadTriples()
2015.05.15 15:21:59.806 MSK INFO: Postprocess: Process entities with incorrect Java type (0 entities) ...  -- TriplePostProcessor.processFramesWithWrongJavaType()
2015.05.15 15:21:59.806 MSK INFO: 0 ms
 -- TriplePostProcessor.processFramesWithWrongJavaType()
2015.05.15 15:21:59.806 MSK INFO: Postprocess: Process metaclasses (3 metaclasses) ...  -- TriplePostProcessor.processMetaclasses()
2015.05.15 15:21:59.806 MSK INFO: 0 ms
 -- TriplePostProcessor.processMetaclasses()
2015.05.15 15:21:59.806 MSK INFO: Postprocess: Process subclasses of rdf:List (1 classes) ...  -- TriplePostProcessor.processSubclassesOfRdfList()
2015.05.15 15:21:59.806 MSK INFO: 0 ms
 -- TriplePostProcessor.processSubclassesOfRdfList()
2015.05.15 15:21:59.806 MSK INFO: Postprocess: Instances with multiple types (6 instances) ...  -- TriplePostProcessor.processInstancesWithMultipleTypes()
2015.05.15 15:21:59.806 MSK INFO: 0 ms
 -- TriplePostProcessor.processInstancesWithMultipleTypes()
2015.05.15 15:21:59.806 MSK INFO: Postprocess: Add inferred superclasses ...  -- TriplePostProcessor.processInferredSuperclasses()
2015.05.15 15:21:59.806 MSK INFO: 0 ms
 -- TriplePostProcessor.processInferredSuperclasses()
2015.05.15 15:21:59.822 MSK INFO: Postprocess: Process orphan classes (7 classes) ...  -- TriplePostProcessor.processOrphanClses()
2015.05.15 15:21:59.822 MSK INFO: 0 ms
 -- TriplePostProcessor.processOrphanClses()
2015.05.15 15:21:59.822 MSK INFO: Postprocess: Generalized Concept Inclusion (0 axioms) ...  -- TriplePostProcessor.processGeneralizedConceptInclusions()
2015.05.15 15:21:59.822 MSK INFO: 0 ms
 -- TriplePostProcessor.processGeneralizedConceptInclusions()
2015.05.15 15:21:59.822 MSK INFO: Postprocess: Abstract classes...  -- TriplePostProcessor.processAbstractClasses()
2015.05.15 15:21:59.822 MSK INFO: 0 ms
 -- TriplePostProcessor.processAbstractClasses()
2015.05.15 15:21:59.822 MSK INFO: Postprocess: Domain and range of properties...  -- TriplePostProcessor.processDomainAndRange()
2015.05.15 15:21:59.822 MSK INFO: 0 ms
 -- TriplePostProcessor.processDomainAndRange()
2015.05.15 15:21:59.822 MSK INFO: Postprocess: Possibly typed entities (0 resources) ...  -- TriplePostProcessor.processPossiblyTypedResources()
2015.05.15 15:21:59.822 MSK INFO: 0 ms
 -- TriplePostProcessor.processPossiblyTypedResources()
2015.05.15 15:21:59.822 MSK INFO: Updating underlying frames model in 0 ms -- ProtegeOWLParser.doFinalPostProcessing()
